This is pdfTeX, Version 3.141592653-2.6-1.40.27 (MiKTeX 25.4) (preloaded format=pdflatex 2025.12.13)  13 DEC 2025 23:14
entering extended mode
 restricted \write18 enabled.
 file:line:error style messages enabled.
 %&-line parsing enabled.
**"d:/Documents/251/DATN/Capstone_Project/Report Source/main.tex"
(d:/Documents/251/DATN/Capstone_Project/Report Source/main.tex
LaTeX2e <2025-11-01>
L3 programming layer <2025-11-06>
(D:\Tool\MikTex\New folder\tex/latex/base\report.cls
Document Class: report 2025/01/22 v1.4n Standard LaTeX document class
(D:\Tool\MikTex\New folder\tex/latex/base\size12.clo
File: size12.clo 2025/01/22 v1.4n Standard LaTeX file (size option)
)
\c@part=\count275
\c@chapter=\count276
\c@section=\count277
\c@subsection=\count278
\c@subsubsection=\count279
\c@paragraph=\count280
\c@subparagraph=\count281
\c@figure=\count282
\c@table=\count283
\abovecaptionskip=\skip49
\belowcaptionskip=\skip50
\bibindent=\dimen148
) (D:\Tool\MikTex\New folder\tex/latex/base\fontenc.sty
Package: fontenc 2025/07/18 v2.1d Standard LaTeX package
) (D:\Tool\MikTex\New folder\tex/latex/koma-script\scrextend.sty
Package: scrextend 2025/09/09 v3.48 KOMA-Script package (extend other classes with features of KOMA-Script classes)
 (D:\Tool\MikTex\New folder\tex/latex/koma-script\scrkbase.sty
Package: scrkbase 2025/09/09 v3.48 KOMA-Script package (KOMA-Script-dependent basics and keyval usage)
 (D:\Tool\MikTex\New folder\tex/latex/koma-script\scrbase.sty
Package: scrbase 2025/09/09 v3.48 KOMA-Script package (KOMA-Script-independent basics and keyval usage)
 (D:\Tool\MikTex\New folder\tex/latex/koma-script\scrlfile.sty
Package: scrlfile 2025/09/09 v3.48 KOMA-Script package (file load hooks)
 (D:\Tool\MikTex\New folder\tex/latex/koma-script\scrlfile-hook.sty
Package: scrlfile-hook 2025/09/09 v3.48 KOMA-Script package (using LaTeX hooks)
 (D:\Tool\MikTex\New folder\tex/latex/koma-script\scrlogo.sty
Package: scrlogo 2025/09/09 v3.48 KOMA-Script package (logo)
))) (D:\Tool\MikTex\New folder\tex/latex/graphics\keyval.sty
Package: keyval 2022/05/29 v1.15 key=value parser (DPC)
\KV@toks@=\toks17
)
Applying: [2021/05/01] Usage of raw or classic option list on input line 254.
Already applied: [0000/00/00] Usage of raw or classic option list on input line 370.
)))

LaTeX Font Warning: Font shape `T1/cmr/m/n' in size <13> not available
(Font)              size <12> substituted on input line 8.

(D:\Tool\MikTex\New folder\tex/latex/psnfss\mathptmx.sty
Package: mathptmx 2020/03/25 PSNFSS-v9.3 Times w/ Math, improved (SPQR, WaS) 
LaTeX Font Info:    Redeclaring symbol font `operators' on input line 28.
LaTeX Font Info:    Overwriting symbol font `operators' in version `normal'
(Font)                  OT1/cmr/m/n --> OT1/ztmcm/m/n on input line 28.
LaTeX Font Info:    Overwriting symbol font `operators' in version `bold'
(Font)                  OT1/cmr/bx/n --> OT1/ztmcm/m/n on input line 28.
LaTeX Font Info:    Redeclaring symbol font `letters' on input line 29.
LaTeX Font Info:    Overwriting symbol font `letters' in version `normal'
(Font)                  OML/cmm/m/it --> OML/ztmcm/m/it on input line 29.
LaTeX Font Info:    Overwriting symbol font `letters' in version `bold'
(Font)                  OML/cmm/b/it --> OML/ztmcm/m/it on input line 29.
LaTeX Font Info:    Redeclaring symbol font `symbols' on input line 30.
LaTeX Font Info:    Overwriting symbol font `symbols' in version `normal'
(Font)                  OMS/cmsy/m/n --> OMS/ztmcm/m/n on input line 30.
LaTeX Font Info:    Overwriting symbol font `symbols' in version `bold'
(Font)                  OMS/cmsy/b/n --> OMS/ztmcm/m/n on input line 30.
LaTeX Font Info:    Redeclaring symbol font `largesymbols' on input line 31.
LaTeX Font Info:    Overwriting symbol font `largesymbols' in version `normal'
(Font)                  OMX/cmex/m/n --> OMX/ztmcm/m/n on input line 31.
LaTeX Font Info:    Overwriting symbol font `largesymbols' in version `bold'
(Font)                  OMX/cmex/m/n --> OMX/ztmcm/m/n on input line 31.
\symbold=\mathgroup4
\symitalic=\mathgroup5
LaTeX Font Info:    Redeclaring math alphabet \mathbf on input line 34.
LaTeX Font Info:    Overwriting math alphabet `\mathbf' in version `normal'
(Font)                  OT1/cmr/bx/n --> OT1/ptm/bx/n on input line 34.
LaTeX Font Info:    Overwriting math alphabet `\mathbf' in version `bold'
(Font)                  OT1/cmr/bx/n --> OT1/ptm/bx/n on input line 34.
LaTeX Font Info:    Redeclaring math alphabet \mathit on input line 35.
LaTeX Font Info:    Overwriting math alphabet `\mathit' in version `normal'
(Font)                  OT1/cmr/m/it --> OT1/ptm/m/it on input line 35.
LaTeX Font Info:    Overwriting math alphabet `\mathit' in version `bold'
(Font)                  OT1/cmr/bx/it --> OT1/ptm/m/it on input line 35.
LaTeX Info: Redefining \hbar on input line 50.
) (D:\Tool\MikTex\New folder\tex/latex/lm\lmodern.sty
Package: lmodern 2015/05/01 v1.6.1 Latin Modern Fonts
LaTeX Font Info:    Overwriting symbol font `operators' in version `normal'
(Font)                  OT1/ztmcm/m/n --> OT1/lmr/m/n on input line 22.
LaTeX Font Info:    Overwriting symbol font `letters' in version `normal'
(Font)                  OML/ztmcm/m/it --> OML/lmm/m/it on input line 23.
LaTeX Font Info:    Overwriting symbol font `symbols' in version `normal'
(Font)                  OMS/ztmcm/m/n --> OMS/lmsy/m/n on input line 24.
LaTeX Font Info:    Overwriting symbol font `largesymbols' in version `normal'
(Font)                  OMX/ztmcm/m/n --> OMX/lmex/m/n on input line 25.
LaTeX Font Info:    Overwriting symbol font `operators' in version `bold'
(Font)                  OT1/ztmcm/m/n --> OT1/lmr/bx/n on input line 26.
LaTeX Font Info:    Overwriting symbol font `letters' in version `bold'
(Font)                  OML/ztmcm/m/it --> OML/lmm/b/it on input line 27.
LaTeX Font Info:    Overwriting symbol font `symbols' in version `bold'
(Font)                  OMS/ztmcm/m/n --> OMS/lmsy/b/n on input line 28.
LaTeX Font Info:    Overwriting symbol font `largesymbols' in version `bold'
(Font)                  OMX/ztmcm/m/n --> OMX/lmex/m/n on input line 29.
LaTeX Font Info:    Overwriting math alphabet `\mathbf' in version `normal'
(Font)                  OT1/ptm/bx/n --> OT1/lmr/bx/n on input line 31.
LaTeX Font Info:    Overwriting math alphabet `\mathsf' in version `normal'
(Font)                  OT1/cmss/m/n --> OT1/lmss/m/n on input line 32.
LaTeX Font Info:    Overwriting math alphabet `\mathit' in version `normal'
(Font)                  OT1/ptm/m/it --> OT1/lmr/m/it on input line 33.
LaTeX Font Info:    Overwriting math alphabet `\mathtt' in version `normal'
(Font)                  OT1/cmtt/m/n --> OT1/lmtt/m/n on input line 34.
LaTeX Font Info:    Overwriting math alphabet `\mathbf' in version `bold'
(Font)                  OT1/ptm/bx/n --> OT1/lmr/bx/n on input line 35.
LaTeX Font Info:    Overwriting math alphabet `\mathsf' in version `bold'
(Font)                  OT1/cmss/bx/n --> OT1/lmss/bx/n on input line 36.
LaTeX Font Info:    Overwriting math alphabet `\mathit' in version `bold'
(Font)                  OT1/ptm/m/it --> OT1/lmr/bx/it on input line 37.
LaTeX Font Info:    Overwriting math alphabet `\mathtt' in version `bold'
(Font)                  OT1/cmtt/m/n --> OT1/lmtt/m/n on input line 38.
) (D:\Tool\MikTex\New folder\tex/latex/adjustbox\adjustbox.sty
Package: adjustbox 2025/02/26 v1.3c Adjusting TeX boxes (trim, clip, ...)
 (D:\Tool\MikTex\New folder\tex/latex/xkeyval\xkeyval.sty
Package: xkeyval 2022/06/16 v2.9 package option processing (HA)
 (D:\Tool\MikTex\New folder\tex/generic/xkeyval\xkeyval.tex (D:\Tool\MikTex\New folder\tex/generic/xkeyval\xkvutils.tex
\XKV@toks=\toks18
\XKV@tempa@toks=\toks19
)
\XKV@depth=\count284
File: xkeyval.tex 2014/12/03 v2.7a key=value parser (HA)
)) (D:\Tool\MikTex\New folder\tex/latex/adjustbox\adjcalc.sty
Package: adjcalc 2012/05/16 v1.1 Provides advanced setlength with multiple back-ends (calc, etex, pgfmath)
) (D:\Tool\MikTex\New folder\tex/latex/adjustbox\trimclip.sty
Package: trimclip 2025/02/21 v1.2a Trim and clip general TeX material
 (D:\Tool\MikTex\New folder\tex/latex/graphics\graphicx.sty
Package: graphicx 2024/12/31 v1.2e Enhanced LaTeX Graphics (DPC,SPQR)
 (D:\Tool\MikTex\New folder\tex/latex/graphics\graphics.sty
Package: graphics 2024/08/06 v1.4g Standard LaTeX Graphics (DPC,SPQR)
 (D:\Tool\MikTex\New folder\tex/latex/graphics\trig.sty
Package: trig 2023/12/02 v1.11 sin cos tan (DPC)
) (D:\Tool\MikTex\New folder\tex/latex/graphics-cfg\graphics.cfg
File: graphics.cfg 2016/06/04 v1.11 sample graphics configuration
)
Package graphics Info: Driver file: pdftex.def on input line 106.
 (D:\Tool\MikTex\New folder\tex/latex/graphics-def\pdftex.def
File: pdftex.def 2025/09/29 v1.2d Graphics/color driver for pdftex
))
\Gin@req@height=\dimen149
\Gin@req@width=\dimen150
) (D:\Tool\MikTex\New folder\tex/latex/collectbox\collectbox.sty
Package: collectbox 2022/10/17 v0.4c Collect macro arguments as boxes
\collectedbox=\box53
)
\tc@llx=\dimen151
\tc@lly=\dimen152
\tc@urx=\dimen153
\tc@ury=\dimen154
Package trimclip Info: Using driver 'tc-pdftex.def'.
 (D:\Tool\MikTex\New folder\tex/latex/adjustbox\tc-pdftex.def
File: tc-pdftex.def 2025/02/26 v2.3 Clipping driver for pdftex
))
\adjbox@Width=\dimen155
\adjbox@Height=\dimen156
\adjbox@Depth=\dimen157
\adjbox@Totalheight=\dimen158
\adjbox@pwidth=\dimen159
\adjbox@pheight=\dimen160
\adjbox@pdepth=\dimen161
\adjbox@ptotalheight=\dimen162
 (D:\Tool\MikTex\New folder\tex/latex/ifoddpage\ifoddpage.sty
Package: ifoddpage 2022/10/18 v1.2 Conditionals for odd/even page detection
\c@checkoddpage=\count285
) (D:\Tool\MikTex\New folder\tex/latex/varwidth\varwidth.sty
Package: varwidth 2009/03/30 ver 0.92;  Variable-width minipages
\@vwid@box=\box54
\sift@deathcycles=\count286
\@vwid@loff=\dimen163
\@vwid@roff=\dimen164
)
==> First Aid for varwidth.sty applied!
) (D:\Tool\MikTex\New folder\tex/latex/caption\caption.sty
Package: caption 2023/08/05 v3.6o Customizing captions (AR)
 (D:\Tool\MikTex\New folder\tex/latex/caption\caption3.sty
Package: caption3 2023/07/31 v2.4d caption3 kernel (AR)
\caption@tempdima=\dimen165
\captionmargin=\dimen166
\caption@leftmargin=\dimen167
\caption@rightmargin=\dimen168
\caption@width=\dimen169
\caption@indent=\dimen170
\caption@parindent=\dimen171
\caption@hangindent=\dimen172
Package caption Info: Standard document class detected.
)
\c@caption@flags=\count287
\c@continuedfloat=\count288
Package caption Info: scrextend package is loaded.
\caption@addmargin@hsize=\dimen173
\caption@addmargin@linewidth=\dimen174
) (D:\Tool\MikTex\New folder\tex/latex/caption\subcaption.sty
Package: subcaption 2023/07/28 v1.6b Sub-captions (AR)
Package caption Info: New subtype `subfigure' on input line 238.
\c@subfigure=\count289
Package caption Info: New subtype `subtable' on input line 238.
\c@subtable=\count290
) (D:\Tool\MikTex\New folder\tex/latex/csquotes\csquotes.sty
Package: csquotes 2024-04-04 v5.2o context-sensitive quotations (JAW)
 (D:\Tool\MikTex\New folder\tex/latex/etoolbox\etoolbox.sty
Package: etoolbox 2025/10/02 v2.5m e-TeX tools for LaTeX (JAW)
\etb@tempcnta=\count291
)
\csq@reset=\count292
\csq@gtype=\count293
\csq@glevel=\count294
\csq@qlevel=\count295
\csq@maxlvl=\count296
\csq@tshold=\count297
\csq@ltx@everypar=\toks20
 (D:\Tool\MikTex\New folder\tex/latex/csquotes\csquotes.def
File: csquotes.def 2024-04-04 v5.2o csquotes generic definitions (JAW)
)
Package csquotes Info: Trying to load configuration file 'csquotes.cfg'...
Package csquotes Info: ... configuration file loaded successfully.
 (D:\Tool\MikTex\New folder\tex/latex/csquotes\csquotes.cfg
File: csquotes.cfg 
)) (D:\Tool\MikTex\New folder\tex/latex/vntex\vietnam.sty
Package: vietnam 2009/07/12 v1.3 support for Vietnamese
 (D:\Tool\MikTex\New folder\tex/latex/base\ifthen.sty
Package: ifthen 2024/03/16 v1.1e Standard LaTeX ifthen package (DPC)
) (D:\Tool\MikTex\New folder\tex/latex/base\fontenc.sty
Package: fontenc 2025/07/18 v2.1d Standard LaTeX package
 (D:\Tool\MikTex\New folder\tex/latex/vntex\t5enc.def
File: t5enc.def 2006/11/21 v1.4 Vietnamese T5 encoding
Now handling font encoding T5 ...
... processing UTF-8 mapping file for font encoding T5
 (D:\Tool\MikTex\New folder\tex/latex/vntex\t5enc.dfu
File: t5enc.dfu 2006/08/19 v1.1 UTF8 support for Vietnamese
   defining Unicode char U+00AB (decimal 171)
   defining Unicode char U+00BB (decimal 187)
   defining Unicode char U+00C0 (decimal 192)
   defining Unicode char U+00C1 (decimal 193)
   defining Unicode char U+00C2 (decimal 194)
   defining Unicode char U+00C3 (decimal 195)
   defining Unicode char U+00C8 (decimal 200)
   defining Unicode char U+00C9 (decimal 201)
   defining Unicode char U+00CA (decimal 202)
   defining Unicode char U+00CC (decimal 204)
   defining Unicode char U+00CD (decimal 205)
   defining Unicode char U+00D2 (decimal 210)
   defining Unicode char U+00D3 (decimal 211)
   defining Unicode char U+00D4 (decimal 212)
   defining Unicode char U+00D5 (decimal 213)
   defining Unicode char U+00D9 (decimal 217)
   defining Unicode char U+00DA (decimal 218)
   defining Unicode char U+00DD (decimal 221)
   defining Unicode char U+00E0 (decimal 224)
   defining Unicode char U+00E1 (decimal 225)
   defining Unicode char U+00E2 (decimal 226)
   defining Unicode char U+00E3 (decimal 227)
   defining Unicode char U+00E8 (decimal 232)
   defining Unicode char U+00E9 (decimal 233)
   defining Unicode char U+00EA (decimal 234)
   defining Unicode char U+00EC (decimal 236)
   defining Unicode char U+00ED (decimal 237)
   defining Unicode char U+00F2 (decimal 242)
   defining Unicode char U+00F3 (decimal 243)
   defining Unicode char U+00F4 (decimal 244)
   defining Unicode char U+00F5 (decimal 245)
   defining Unicode char U+00F9 (decimal 249)
   defining Unicode char U+00FA (decimal 250)
   defining Unicode char U+00FD (decimal 253)
   defining Unicode char U+0102 (decimal 258)
   defining Unicode char U+0103 (decimal 259)
   defining Unicode char U+0110 (decimal 272)
   defining Unicode char U+0111 (decimal 273)
   defining Unicode char U+0128 (decimal 296)
   defining Unicode char U+0129 (decimal 297)
   defining Unicode char U+0131 (decimal 305)
   defining Unicode char U+0168 (decimal 360)
   defining Unicode char U+0169 (decimal 361)
   defining Unicode char U+01A0 (decimal 416)
   defining Unicode char U+01A1 (decimal 417)
   defining Unicode char U+01AF (decimal 431)
   defining Unicode char U+01B0 (decimal 432)
   defining Unicode char U+1EA0 (decimal 7840)
   defining Unicode char U+1EA1 (decimal 7841)
   defining Unicode char U+1EA2 (decimal 7842)
   defining Unicode char U+1EA3 (decimal 7843)
   defining Unicode char U+1EA4 (decimal 7844)
   defining Unicode char U+1EA5 (decimal 7845)
   defining Unicode char U+1EA6 (decimal 7846)
   defining Unicode char U+1EA7 (decimal 7847)
   defining Unicode char U+1EA8 (decimal 7848)
   defining Unicode char U+1EA9 (decimal 7849)
   defining Unicode char U+1EAA (decimal 7850)
   defining Unicode char U+1EAB (decimal 7851)
   defining Unicode char U+1EAC (decimal 7852)
   defining Unicode char U+1EAD (decimal 7853)
   defining Unicode char U+1EAE (decimal 7854)
   defining Unicode char U+1EAF (decimal 7855)
   defining Unicode char U+1EB0 (decimal 7856)
   defining Unicode char U+1EB1 (decimal 7857)
   defining Unicode char U+1EB2 (decimal 7858)
   defining Unicode char U+1EB3 (decimal 7859)
   defining Unicode char U+1EB4 (decimal 7860)
   defining Unicode char U+1EB5 (decimal 7861)
   defining Unicode char U+1EB6 (decimal 7862)
   defining Unicode char U+1EB7 (decimal 7863)
   defining Unicode char U+1EB8 (decimal 7864)
   defining Unicode char U+1EB9 (decimal 7865)
   defining Unicode char U+1EBA (decimal 7866)
   defining Unicode char U+1EBB (decimal 7867)
   defining Unicode char U+1EBC (decimal 7868)
   defining Unicode char U+1EBD (decimal 7869)
   defining Unicode char U+1EBE (decimal 7870)
   defining Unicode char U+1EBF (decimal 7871)
   defining Unicode char U+1EC0 (decimal 7872)
   defining Unicode char U+1EC1 (decimal 7873)
   defining Unicode char U+1EC2 (decimal 7874)
   defining Unicode char U+1EC3 (decimal 7875)
   defining Unicode char U+1EC4 (decimal 7876)
   defining Unicode char U+1EC5 (decimal 7877)
   defining Unicode char U+1EC6 (decimal 7878)
   defining Unicode char U+1EC7 (decimal 7879)
   defining Unicode char U+1EC8 (decimal 7880)
   defining Unicode char U+1EC9 (decimal 7881)
   defining Unicode char U+1ECA (decimal 7882)
   defining Unicode char U+1ECB (decimal 7883)
   defining Unicode char U+1ECC (decimal 7884)
   defining Unicode char U+1ECD (decimal 7885)
   defining Unicode char U+1ECE (decimal 7886)
   defining Unicode char U+1ECF (decimal 7887)
   defining Unicode char U+1ED0 (decimal 7888)
   defining Unicode char U+1ED1 (decimal 7889)
   defining Unicode char U+1ED2 (decimal 7890)
   defining Unicode char U+1ED3 (decimal 7891)
   defining Unicode char U+1ED4 (decimal 7892)
   defining Unicode char U+1ED5 (decimal 7893)
   defining Unicode char U+1ED6 (decimal 7894)
   defining Unicode char U+1ED7 (decimal 7895)
   defining Unicode char U+1ED8 (decimal 7896)
   defining Unicode char U+1ED9 (decimal 7897)
   defining Unicode char U+1EDA (decimal 7898)
   defining Unicode char U+1EDB (decimal 7899)
   defining Unicode char U+1EDC (decimal 7900)
   defining Unicode char U+1EDD (decimal 7901)
   defining Unicode char U+1EDE (decimal 7902)
   defining Unicode char U+1EDF (decimal 7903)
   defining Unicode char U+1EE0 (decimal 7904)
   defining Unicode char U+1EE1 (decimal 7905)
   defining Unicode char U+1EE2 (decimal 7906)
   defining Unicode char U+1EE3 (decimal 7907)
   defining Unicode char U+1EE4 (decimal 7908)
   defining Unicode char U+1EE5 (decimal 7909)
   defining Unicode char U+1EE6 (decimal 7910)
   defining Unicode char U+1EE7 (decimal 7911)
   defining Unicode char U+1EE8 (decimal 7912)
   defining Unicode char U+1EE9 (decimal 7913)
   defining Unicode char U+1EEA (decimal 7914)
   defining Unicode char U+1EEB (decimal 7915)
   defining Unicode char U+1EEC (decimal 7916)
   defining Unicode char U+1EED (decimal 7917)
   defining Unicode char U+1EEE (decimal 7918)
   defining Unicode char U+1EEF (decimal 7919)
   defining Unicode char U+1EF0 (decimal 7920)
   defining Unicode char U+1EF1 (decimal 7921)
   defining Unicode char U+1EF2 (decimal 7922)
   defining Unicode char U+1EF3 (decimal 7923)
   defining Unicode char U+1EF4 (decimal 7924)
   defining Unicode char U+1EF5 (decimal 7925)
   defining Unicode char U+1EF6 (decimal 7926)
   defining Unicode char U+1EF7 (decimal 7927)
   defining Unicode char U+1EF8 (decimal 7928)
   defining Unicode char U+1EF9 (decimal 7929)
   defining Unicode char U+200C (decimal 8204)
   defining Unicode char U+2013 (decimal 8211)
   defining Unicode char U+2014 (decimal 8212)
   defining Unicode char U+2018 (decimal 8216)
   defining Unicode char U+2019 (decimal 8217)
   defining Unicode char U+201A (decimal 8218)
   defining Unicode char U+201C (decimal 8220)
   defining Unicode char U+201D (decimal 8221)
   defining Unicode char U+201E (decimal 8222)
   defining Unicode char U+2030 (decimal 8240)
   defining Unicode char U+2031 (decimal 8241)
   defining Unicode char U+2039 (decimal 8249)
   defining Unicode char U+203A (decimal 8250)
   defining Unicode char U+2423 (decimal 9251)
))
LaTeX Font Info:    Trying to load font information for T5+lmr on input line 116.
 (D:\Tool\MikTex\New folder\tex/latex/lm\t5lmr.fd
File: t5lmr.fd 2015/05/01 v1.6.1 Font defs for Latin Modern
)) (D:\Tool\MikTex\New folder\tex/latex/base\inputenc.sty
Package: inputenc 2024/02/08 v1.3d Input encoding file
\inpenc@prehook=\toks21
\inpenc@posthook=\toks22
) (D:\Tool\MikTex\New folder\tex/latex/vntex\vncaps.tex
File: vncaps.tex 2006/06/07 v1.1 Captions in Vietnamese
)) (D:\Tool\MikTex\New folder\tex/generic/babel\babel.sty
Package: babel 2025/11/09 v25.15 The multilingual framework for LuaLaTeX, pdfLaTeX and XeLaTeX
\babel@savecnt=\count298
LaTeX Encoding Info:    Redeclaring text command \ij (encoding OT1) on input line 2050.
LaTeX Encoding Info:    Redeclaring text command \IJ (encoding OT1) on input line 2052.
LaTeX Encoding Info:    Redeclaring text command \ij (encoding T1) on input line 2054.
LaTeX Encoding Info:    Redeclaring text command \IJ (encoding T1) on input line 2055.
LaTeX Encoding Info:    Ignoring declaration for text command \ij (encoding ?) on input line 2056.
LaTeX Encoding Info:    Ignoring declaration for text command \IJ (encoding ?) on input line 2058.
LaTeX Encoding Info:    Ignoring declaration for text command \SS (encoding ?) on input line 2083.
\U@D=\dimen175
\l@unhyphenated=\language79
 (D:\Tool\MikTex\New folder\tex/generic/babel\txtbabel.def)
\bbl@readstream=\read2
\bbl@dirlevel=\count299
Package babel Info: Configuration files are deprecated, as
(babel)             they can break document portability.
(babel)             Reported on input line 4175.

*************************************
* Local config file bblopts.cfg used
*
(D:\Tool\MikTex\New folder\tex/latex/arabi\bblopts.cfg
File: bblopts.cfg 2005/09/08 v0.1 add Arabic and Farsi to "declared" options of babel
) (D:\Tool\MikTex\New folder\tex/generic/babel/locale/en\babel-english.tex)
Package babel Info: Importing font and identification data for english
(babel)             from babel-en.ini. Reported on input line 4298.
 (D:\Tool\MikTex\New folder\tex/latex/babel-english\english.ldf
Language: english 2017/06/06 v3.3r English support from the babel system
)) (D:\Tool\MikTex\New folder\tex/latex/geometry\geometry.sty
Package: geometry 2020/01/02 v5.9 Page Geometry
 (D:\Tool\MikTex\New folder\tex/generic/iftex\ifvtex.sty
Package: ifvtex 2019/10/25 v1.7 ifvtex legacy package. Use iftex instead.
 (D:\Tool\MikTex\New folder\tex/generic/iftex\iftex.sty
Package: iftex 2024/12/12 v1.0g TeX engine tests
))
\Gm@cnth=\count300
\Gm@cntv=\count301
\c@Gm@tempcnt=\count302
\Gm@bindingoffset=\dimen176
\Gm@wd@mp=\dimen177
\Gm@odd@mp=\dimen178
\Gm@even@mp=\dimen179
\Gm@layoutwidth=\dimen180
\Gm@layoutheight=\dimen181
\Gm@layouthoffset=\dimen182
\Gm@layoutvoffset=\dimen183
\Gm@dimlist=\toks23
 (D:\Tool\MikTex\New folder\tex/latex/geometry\geometry.cfg)) (D:\Tool\MikTex\New folder\tex/latex/setspace\setspace.sty
Package: setspace 2022/12/04 v6.7b set line spacing
) (D:\Tool\MikTex\New folder\tex/latex/tools\indentfirst.sty
Package: indentfirst 2023/07/02 v1.03 Indent first paragraph (DPC)
) (D:\Tool\MikTex\New folder\tex/latex/ragged2e\ragged2e.sty
Package: ragged2e 2023/06/22 v3.6 ragged2e Package
\CenteringLeftskip=\skip51
\RaggedLeftLeftskip=\skip52
\RaggedRightLeftskip=\skip53
\CenteringRightskip=\skip54
\RaggedLeftRightskip=\skip55
\RaggedRightRightskip=\skip56
\CenteringParfillskip=\skip57
\RaggedLeftParfillskip=\skip58
\RaggedRightParfillskip=\skip59
\JustifyingParfillskip=\skip60
\CenteringParindent=\skip61
\RaggedLeftParindent=\skip62
\RaggedRightParindent=\skip63
\JustifyingParindent=\skip64
) (D:\Tool\MikTex\New folder\tex/latex/amsmath\amsmath.sty
Package: amsmath 2025/07/09 v2.17z AMS math features
\@mathmargin=\skip65

For additional information on amsmath, use the `?' option.
(D:\Tool\MikTex\New folder\tex/latex/amsmath\amstext.sty
Package: amstext 2024/11/17 v2.01 AMS text
 (D:\Tool\MikTex\New folder\tex/latex/amsmath\amsgen.sty
File: amsgen.sty 1999/11/30 v2.0 generic functions
\@emptytoks=\toks24
\ex@=\dimen184
)) (D:\Tool\MikTex\New folder\tex/latex/amsmath\amsbsy.sty
Package: amsbsy 1999/11/29 v1.2d Bold Symbols
\pmbraise@=\dimen185
) (D:\Tool\MikTex\New folder\tex/latex/amsmath\amsopn.sty
Package: amsopn 2022/04/08 v2.04 operator names
)
\inf@bad=\count303
LaTeX Info: Redefining \frac on input line 233.
\uproot@=\count304
\leftroot@=\count305
LaTeX Info: Redefining \overline on input line 398.
LaTeX Info: Redefining \colon on input line 409.
\classnum@=\count306
\DOTSCASE@=\count307
LaTeX Info: Redefining \ldots on input line 495.
LaTeX Info: Redefining \dots on input line 498.
LaTeX Info: Redefining \cdots on input line 619.
\Mathstrutbox@=\box55
\strutbox@=\box56
LaTeX Info: Redefining \big on input line 721.
LaTeX Info: Redefining \Big on input line 722.
LaTeX Info: Redefining \bigg on input line 723.
LaTeX Info: Redefining \Bigg on input line 724.
\big@size=\dimen186
LaTeX Font Info:    Redeclaring font encoding OML on input line 742.
LaTeX Font Info:    Redeclaring font encoding OMS on input line 743.
\macc@depth=\count308
LaTeX Info: Redefining \bmod on input line 904.
LaTeX Info: Redefining \pmod on input line 909.
LaTeX Info: Redefining \smash on input line 939.
LaTeX Info: Redefining \relbar on input line 969.
LaTeX Info: Redefining \Relbar on input line 970.
\c@MaxMatrixCols=\count309
\dotsspace@=\muskip17
\c@parentequation=\count310
\dspbrk@lvl=\count311
\tag@help=\toks25
\row@=\count312
\column@=\count313
\maxfields@=\count314
\andhelp@=\toks26
\eqnshift@=\dimen187
\alignsep@=\dimen188
\tagshift@=\dimen189
\tagwidth@=\dimen190
\totwidth@=\dimen191
\lineht@=\dimen192
\@envbody=\toks27
\multlinegap=\skip66
\multlinetaggap=\skip67
\mathdisplay@stack=\toks28
LaTeX Info: Redefining \[ on input line 2950.
LaTeX Info: Redefining \] on input line 2951.
) (D:\Tool\MikTex\New folder\tex/latex/amsfonts\amssymb.sty
Package: amssymb 2013/01/14 v3.01 AMS font symbols
 (D:\Tool\MikTex\New folder\tex/latex/amsfonts\amsfonts.sty
Package: amsfonts 2013/01/14 v3.01 Basic AMSFonts support
\symAMSa=\mathgroup6
\symAMSb=\mathgroup7
LaTeX Font Info:    Overwriting math alphabet `\mathfrak' in version `bold'
(Font)                  U/euf/m/n --> U/euf/b/n on input line 106.
)) (D:\Tool\MikTex\New folder\tex/latex/amscls\amsthm.sty
Package: amsthm 2020/05/29 v2.20.6
\thm@style=\toks29
\thm@bodyfont=\toks30
\thm@headfont=\toks31
\thm@notefont=\toks32
\thm@headpunct=\toks33
\thm@preskip=\skip68
\thm@postskip=\skip69
\thm@headsep=\skip70
\dth@everypar=\toks34
) (D:\Tool\MikTex\New folder\tex/latex/base\latexsym.sty
Package: latexsym 1998/08/17 v2.2e Standard LaTeX package (lasy symbols)
\symlasy=\mathgroup8
LaTeX Font Info:    Overwriting symbol font `lasy' in version `bold'
(Font)                  U/lasy/m/n --> U/lasy/b/n on input line 52.
) (D:\Tool\MikTex\New folder\tex/latex/commath\commath.sty)
LaTeX Font Info:    Redeclaring math alphabet \mathcal on input line 63.
\c@theorem=\count315
\c@property=\count316
\c@proposition=\count317
 (D:\Tool\MikTex\New folder\tex/latex/tools\array.sty
Package: array 2025/09/25 v2.6n Tabular extension package (FMi)
\col@sep=\dimen193
\ar@mcellbox=\box57
\extrarowheight=\dimen194
\NC@list=\toks35
\extratabsurround=\skip71
\backup@length=\skip72
\ar@cellbox=\box58
) (D:\Tool\MikTex\New folder\tex/latex/tools\tabularx.sty
Package: tabularx 2023/12/11 v2.12a `tabularx' package (DPC)
\TX@col@width=\dimen195
\TX@old@table=\dimen196
\TX@old@col=\dimen197
\TX@target=\dimen198
\TX@delta=\dimen199
\TX@cols=\count318
\TX@ftn=\toks36
) (D:\Tool\MikTex\New folder\tex/latex/tools\longtable.sty
Package: longtable 2025-10-13 v4.24 Multi-page Table package (DPC)
\LTleft=\skip73
\LTright=\skip74
\LTpre=\skip75
\LTpost=\skip76
\LTchunksize=\count319
\LTcapwidth=\dimen256
\LT@head=\box59
\LT@firsthead=\box60
\LT@foot=\box61
\LT@lastfoot=\box62
\LT@gbox=\box63
\LT@cols=\count320
\LT@rows=\count321
\c@LT@tables=\count322
\c@LT@chunks=\count323
\LT@p@ftn=\toks37
) (D:\Tool\MikTex\New folder\tex/latex/multirow\multirow.sty
Package: multirow 2024/11/12 v2.9 Span multiple rows of a table
\multirow@colwidth=\skip77
\multirow@cntb=\count324
\multirow@dima=\skip78
\bigstrutjot=\dimen257
) (D:\Tool\MikTex\New folder\tex/latex/tools\multicol.sty
Package: multicol 2025/10/21 v2.0b multicolumn formatting (FMi)
\c@tracingmulticols=\count325
\mult@box=\box64
\multicol@leftmargin=\dimen258
\c@unbalance=\count326
\c@collectmore=\count327
\doublecol@number=\count328
\multicoltolerance=\count329
\multicolpretolerance=\count330
\full@width=\dimen259
\page@free=\dimen260
\premulticols=\dimen261
\postmulticols=\dimen262
\multicolsep=\skip79
\multicolbaselineskip=\skip80
\partial@page=\box65
\last@line=\box66
\mc@boxedresult=\box67
\maxbalancingoverflow=\dimen263
\mult@rightbox=\box68
\mult@grightbox=\box69
\mult@firstbox=\box70
\mult@gfirstbox=\box71
\@tempa=\box72
\@tempa=\box73
\@tempa=\box74
\@tempa=\box75
\@tempa=\box76
\@tempa=\box77
\@tempa=\box78
\@tempa=\box79
\@tempa=\box80
\@tempa=\box81
\@tempa=\box82
\@tempa=\box83
\@tempa=\box84
\@tempa=\box85
\@tempa=\box86
\@tempa=\box87
\@tempa=\box88
\@tempa=\box89
\@tempa=\box90
\@tempa=\box91
\@tempa=\box92
\@tempa=\box93
\@tempa=\box94
\@tempa=\box95
\@tempa=\box96
\@tempa=\box97
\@tempa=\box98
\@tempa=\box99
\@tempa=\box100
\@tempa=\box101
\@tempa=\box102
\@tempa=\box103
\@tempa=\box104
\@tempa=\box105
\@tempa=\box106
\@tempa=\box107
\c@minrows=\count331
\c@columnbadness=\count332
\c@finalcolumnbadness=\count333
\last@try=\dimen264
\multicolovershoot=\dimen265
\multicolundershoot=\dimen266
\mult@nat@firstbox=\box108
\colbreak@box=\box109
\mc@col@check@num=\count334
\g__mc_curr_col_int=\count335
) (D:\Tool\MikTex\New folder\tex/latex/tools\hhline.sty
Package: hhline 2020/01/04 v2.04 Table rule package (DPC)
) (D:\Tool\MikTex\New folder\tex/latex/booktabs\booktabs.sty
Package: booktabs 2020/01/12 v1.61803398 Publication quality tables
\heavyrulewidth=\dimen267
\lightrulewidth=\dimen268
\cmidrulewidth=\dimen269
\belowrulesep=\dimen270
\belowbottomsep=\dimen271
\aboverulesep=\dimen272
\abovetopsep=\dimen273
\cmidrulesep=\dimen274
\cmidrulekern=\dimen275
\defaultaddspace=\dimen276
\@cmidla=\count336
\@cmidlb=\count337
\@aboverulesep=\dimen277
\@belowrulesep=\dimen278
\@thisruleclass=\count338
\@lastruleclass=\count339
\@thisrulewidth=\dimen279
) (D:\Tool\MikTex\New folder\tex/latex/diagbox\diagbox.sty
Package: diagbox 2020/02/09 v2.3 Making table heads with diagonal lines
 (D:\Tool\MikTex\New folder\tex/latex/pict2e\pict2e.sty
Package: pict2e 2020/09/30 v0.4b Improved picture commands (HjG,RN,JT)
 (D:\Tool\MikTex\New folder\tex/latex/pict2e\pict2e.cfg
File: pict2e.cfg 2016/02/05 v0.1u pict2e configuration for teTeX/TeXLive
)
Package pict2e Info: Driver file: pdftex.def on input line 112.
Package pict2e Info: Driver file for pict2e: p2e-pdftex.def on input line 114.
 (D:\Tool\MikTex\New folder\tex/latex/pict2e\p2e-pdftex.def
File: p2e-pdftex.def 2016/02/05 v0.1u Driver-dependant file (RN,HjG,JT)
)
\pIIe@GRAPH=\toks38
\@arclen=\dimen280
\@arcrad=\dimen281
\pIIe@tempdima=\dimen282
\pIIe@tempdimb=\dimen283
\pIIe@tempdimc=\dimen284
\pIIe@tempdimd=\dimen285
\pIIe@tempdime=\dimen286
\pIIe@tempdimf=\dimen287
) (D:\Tool\MikTex\New folder\tex/latex/tools\calc.sty
Package: calc 2025/03/01 v4.3b Infix arithmetic (KKT,FJ)
\calc@Acount=\count340
\calc@Bcount=\count341
\calc@Adimen=\dimen288
\calc@Bdimen=\dimen289
\calc@Askip=\skip81
\calc@Bskip=\skip82
LaTeX Info: Redefining \setlength on input line 86.
LaTeX Info: Redefining \addtolength on input line 87.
\calc@Ccount=\count342
\calc@Cskip=\skip83
)
\diagbox@boxa=\box110
\diagbox@boxb=\box111
\diagbox@boxm=\box112
\diagbox@wd=\dimen290
\diagbox@ht=\dimen291
\diagbox@insepl=\dimen292
\diagbox@insepr=\dimen293
\diagbox@outsepl=\dimen294
\diagbox@outsepr=\dimen295
) (D:\Tool\MikTex\New folder\tex/latex/graphics\epsfig.sty
Package: epsfig 2024/01/14 v1.7b (e)psfig emulation (SPQR)
\epsfxsize=\dimen296
\epsfysize=\dimen297
) (D:\Tool\MikTex\New folder\tex/latex/float\float.sty
Package: float 2001/11/08 v1.3d Float enhancements (AL)
\c@float@type=\count343
\float@exts=\toks39
\float@box=\box113
\@float@everytoks=\toks40
\@floatcapt=\box114
) (D:\Tool\MikTex\New folder\tex/latex/graphics\rotating.sty
Package: rotating 2025/01/14 v2.16e rotated objects in LaTeX
\c@r@tfl@t=\count344
\rotFPtop=\skip84
\rotFPbot=\skip85
\rot@float@box=\box115
\rot@mess@toks=\toks41
) (D:\Tool\MikTex\New folder\tex/latex/pgf/frontendlayer\tikz.sty (D:\Tool\MikTex\New folder\tex/latex/pgf/basiclayer\pgf.sty (D:\Tool\MikTex\New folder\tex/latex/pgf/utilities\pgfrcs.sty (D:\Tool\MikTex\New folder\tex/generic/pgf/utilities\pgfutil-common.tex
\pgfutil@everybye=\toks42
\pgfutil@tempdima=\dimen298
\pgfutil@tempdimb=\dimen299
) (D:\Tool\MikTex\New folder\tex/generic/pgf/utilities\pgfutil-latex.def
\pgfutil@abb=\box116
) (D:\Tool\MikTex\New folder\tex/generic/pgf/utilities\pgfrcs.code.tex (D:\Tool\MikTex\New folder\tex/generic/pgf\pgf.revision.tex)
Package: pgfrcs 2025-08-29 v3.1.11a (3.1.11a)
))
Package: pgf 2025-08-29 v3.1.11a (3.1.11a)
 (D:\Tool\MikTex\New folder\tex/latex/pgf/basiclayer\pgfcore.sty (D:\Tool\MikTex\New folder\tex/latex/pgf/systemlayer\pgfsys.sty (D:\Tool\MikTex\New folder\tex/generic/pgf/systemlayer\pgfsys.code.tex
Package: pgfsys 2025-08-29 v3.1.11a (3.1.11a)
 (D:\Tool\MikTex\New folder\tex/generic/pgf/utilities\pgfkeys.code.tex
\pgfkeys@pathtoks=\toks43
\pgfkeys@temptoks=\toks44
 (D:\Tool\MikTex\New folder\tex/generic/pgf/utilities\pgfkeyslibraryfiltered.code.tex
\pgfkeys@tmptoks=\toks45
))
\pgf@x=\dimen300
\pgf@y=\dimen301
\pgf@xa=\dimen302
\pgf@ya=\dimen303
\pgf@xb=\dimen304
\pgf@yb=\dimen305
\pgf@xc=\dimen306
\pgf@yc=\dimen307
\pgf@xd=\dimen308
\pgf@yd=\dimen309
\w@pgf@writea=\write3
\r@pgf@reada=\read3
\c@pgf@counta=\count345
\c@pgf@countb=\count346
\c@pgf@countc=\count347
\c@pgf@countd=\count348
\t@pgf@toka=\toks46
\t@pgf@tokb=\toks47
\t@pgf@tokc=\toks48
\pgf@sys@id@count=\count349
 (D:\Tool\MikTex\New folder\tex/generic/pgf/systemlayer\pgf.cfg
File: pgf.cfg 2025-08-29 v3.1.11a (3.1.11a)
)
Driver file for pgf: pgfsys-pdftex.def
 (D:\Tool\MikTex\New folder\tex/generic/pgf/systemlayer\pgfsys-pdftex.def
File: pgfsys-pdftex.def 2025-08-29 v3.1.11a (3.1.11a)
 (D:\Tool\MikTex\New folder\tex/generic/pgf/systemlayer\pgfsys-common-pdf.def
File: pgfsys-common-pdf.def 2025-08-29 v3.1.11a (3.1.11a)
))) (D:\Tool\MikTex\New folder\tex/generic/pgf/systemlayer\pgfsyssoftpath.code.tex
File: pgfsyssoftpath.code.tex 2025-08-29 v3.1.11a (3.1.11a)
\pgfsyssoftpath@smallbuffer@items=\count350
\pgfsyssoftpath@bigbuffer@items=\count351
) (D:\Tool\MikTex\New folder\tex/generic/pgf/systemlayer\pgfsysprotocol.code.tex
File: pgfsysprotocol.code.tex 2025-08-29 v3.1.11a (3.1.11a)
)) (D:\Tool\MikTex\New folder\tex/latex/xcolor\xcolor.sty
Package: xcolor 2024/09/29 v3.02 LaTeX color extensions (UK)
 (D:\Tool\MikTex\New folder\tex/latex/graphics-cfg\color.cfg
File: color.cfg 2016/01/02 v1.6 sample color configuration
)
Package xcolor Info: Driver file: pdftex.def on input line 274.
 (D:\Tool\MikTex\New folder\tex/latex/graphics\mathcolor.ltx)
Package xcolor Info: Model `cmy' substituted by `cmy0' on input line 1349.
Package xcolor Info: Model `hsb' substituted by `rgb' on input line 1353.
Package xcolor Info: Model `RGB' extended on input line 1365.
Package xcolor Info: Model `HTML' substituted by `rgb' on input line 1367.
Package xcolor Info: Model `Hsb' substituted by `hsb' on input line 1368.
Package xcolor Info: Model `tHsb' substituted by `hsb' on input line 1369.
Package xcolor Info: Model `HSB' substituted by `hsb' on input line 1370.
Package xcolor Info: Model `Gray' substituted by `gray' on input line 1371.
Package xcolor Info: Model `wave' substituted by `hsb' on input line 1372.
) (D:\Tool\MikTex\New folder\tex/generic/pgf/basiclayer\pgfcore.code.tex
Package: pgfcore 2025-08-29 v3.1.11a (3.1.11a)
 (D:\Tool\MikTex\New folder\tex/generic/pgf/math\pgfmath.code.tex (D:\Tool\MikTex\New folder\tex/generic/pgf/math\pgfmathutil.code.tex) (D:\Tool\MikTex\New folder\tex/generic/pgf/math\pgfmathparser.code.tex
\pgfmath@dimen=\dimen310
\pgfmath@count=\count352
\pgfmath@box=\box117
\pgfmath@toks=\toks49
\pgfmath@stack@operand=\toks50
\pgfmath@stack@operation=\toks51
) (D:\Tool\MikTex\New folder\tex/generic/pgf/math\pgfmathfunctions.code.tex) (D:\Tool\MikTex\New folder\tex/generic/pgf/math\pgfmathfunctions.basic.code.tex) (D:\Tool\MikTex\New folder\tex/generic/pgf/math\pgfmathfunctions.trigonometric.code.tex) (D:\Tool\MikTex\New folder\tex/generic/pgf/math\pgfmathfunctions.random.code.tex) (D:\Tool\MikTex\New folder\tex/generic/pgf/math\pgfmathfunctions.comparison.code.tex) (D:\Tool\MikTex\New folder\tex/generic/pgf/math\pgfmathfunctions.base.code.tex) (D:\Tool\MikTex\New folder\tex/generic/pgf/math\pgfmathfunctions.round.code.tex) (D:\Tool\MikTex\New folder\tex/generic/pgf/math\pgfmathfunctions.misc.code.tex) (D:\Tool\MikTex\New folder\tex/generic/pgf/math\pgfmathfunctions.integerarithmetics.code.tex) (D:\Tool\MikTex\New folder\tex/generic/pgf/math\pgfmathcalc.code.tex) (D:\Tool\MikTex\New folder\tex/generic/pgf/math\pgfmathfloat.code.tex
\c@pgfmathroundto@lastzeros=\count353
)) (D:\Tool\MikTex\New folder\tex/generic/pgf/math\pgfint.code.tex) (D:\Tool\MikTex\New folder\tex/generic/pgf/basiclayer\pgfcorepoints.code.tex
File: pgfcorepoints.code.tex 2025-08-29 v3.1.11a (3.1.11a)
\pgf@picminx=\dimen311
\pgf@picmaxx=\dimen312
\pgf@picminy=\dimen313
\pgf@picmaxy=\dimen314
\pgf@pathminx=\dimen315
\pgf@pathmaxx=\dimen316
\pgf@pathminy=\dimen317
\pgf@pathmaxy=\dimen318
\pgf@xx=\dimen319
\pgf@xy=\dimen320
\pgf@yx=\dimen321
\pgf@yy=\dimen322
\pgf@zx=\dimen323
\pgf@zy=\dimen324
) (D:\Tool\MikTex\New folder\tex/generic/pgf/basiclayer\pgfcorepathconstruct.code.tex
File: pgfcorepathconstruct.code.tex 2025-08-29 v3.1.11a (3.1.11a)
\pgf@path@lastx=\dimen325
\pgf@path@lasty=\dimen326
) (D:\Tool\MikTex\New folder\tex/generic/pgf/basiclayer\pgfcorepathusage.code.tex
File: pgfcorepathusage.code.tex 2025-08-29 v3.1.11a (3.1.11a)
\pgf@shorten@end@additional=\dimen327
\pgf@shorten@start@additional=\dimen328
) (D:\Tool\MikTex\New folder\tex/generic/pgf/basiclayer\pgfcorescopes.code.tex
File: pgfcorescopes.code.tex 2025-08-29 v3.1.11a (3.1.11a)
\pgfpic=\box118
\pgf@hbox=\box119
\pgf@layerbox@main=\box120
\pgf@picture@serial@count=\count354
) (D:\Tool\MikTex\New folder\tex/generic/pgf/basiclayer\pgfcoregraphicstate.code.tex
File: pgfcoregraphicstate.code.tex 2025-08-29 v3.1.11a (3.1.11a)
\pgflinewidth=\dimen329
) (D:\Tool\MikTex\New folder\tex/generic/pgf/basiclayer\pgfcoretransformations.code.tex
File: pgfcoretransformations.code.tex 2025-08-29 v3.1.11a (3.1.11a)
\pgf@pt@x=\dimen330
\pgf@pt@y=\dimen331
\pgf@pt@temp=\dimen332
) (D:\Tool\MikTex\New folder\tex/generic/pgf/basiclayer\pgfcorequick.code.tex
File: pgfcorequick.code.tex 2025-08-29 v3.1.11a (3.1.11a)
) (D:\Tool\MikTex\New folder\tex/generic/pgf/basiclayer\pgfcoreobjects.code.tex
File: pgfcoreobjects.code.tex 2025-08-29 v3.1.11a (3.1.11a)
) (D:\Tool\MikTex\New folder\tex/generic/pgf/basiclayer\pgfcorepathprocessing.code.tex
File: pgfcorepathprocessing.code.tex 2025-08-29 v3.1.11a (3.1.11a)
) (D:\Tool\MikTex\New folder\tex/generic/pgf/basiclayer\pgfcorearrows.code.tex
File: pgfcorearrows.code.tex 2025-08-29 v3.1.11a (3.1.11a)
\pgfarrowsep=\dimen333
) (D:\Tool\MikTex\New folder\tex/generic/pgf/basiclayer\pgfcoreshade.code.tex
File: pgfcoreshade.code.tex 2025-08-29 v3.1.11a (3.1.11a)
\pgf@max=\dimen334
\pgf@sys@shading@range@num=\count355
\pgf@shadingcount=\count356
) (D:\Tool\MikTex\New folder\tex/generic/pgf/basiclayer\pgfcoreimage.code.tex
File: pgfcoreimage.code.tex 2025-08-29 v3.1.11a (3.1.11a)
) (D:\Tool\MikTex\New folder\tex/generic/pgf/basiclayer\pgfcoreexternal.code.tex
File: pgfcoreexternal.code.tex 2025-08-29 v3.1.11a (3.1.11a)
\pgfexternal@startupbox=\box121
) (D:\Tool\MikTex\New folder\tex/generic/pgf/basiclayer\pgfcorelayers.code.tex
File: pgfcorelayers.code.tex 2025-08-29 v3.1.11a (3.1.11a)
) (D:\Tool\MikTex\New folder\tex/generic/pgf/basiclayer\pgfcoretransparency.code.tex
File: pgfcoretransparency.code.tex 2025-08-29 v3.1.11a (3.1.11a)
) (D:\Tool\MikTex\New folder\tex/generic/pgf/basiclayer\pgfcorepatterns.code.tex
File: pgfcorepatterns.code.tex 2025-08-29 v3.1.11a (3.1.11a)
) (D:\Tool\MikTex\New folder\tex/generic/pgf/basiclayer\pgfcorerdf.code.tex
File: pgfcorerdf.code.tex 2025-08-29 v3.1.11a (3.1.11a)
))) (D:\Tool\MikTex\New folder\tex/generic/pgf/modules\pgfmoduleshapes.code.tex
File: pgfmoduleshapes.code.tex 2025-08-29 v3.1.11a (3.1.11a)
\pgfnodeparttextbox=\box122
) (D:\Tool\MikTex\New folder\tex/generic/pgf/modules\pgfmoduleplot.code.tex
File: pgfmoduleplot.code.tex 2025-08-29 v3.1.11a (3.1.11a)
) (D:\Tool\MikTex\New folder\tex/latex/pgf/compatibility\pgfcomp-version-0-65.sty
Package: pgfcomp-version-0-65 2025-08-29 v3.1.11a (3.1.11a)
\pgf@nodesepstart=\dimen335
\pgf@nodesepend=\dimen336
) (D:\Tool\MikTex\New folder\tex/latex/pgf/compatibility\pgfcomp-version-1-18.sty
Package: pgfcomp-version-1-18 2025-08-29 v3.1.11a (3.1.11a)
)) (D:\Tool\MikTex\New folder\tex/latex/pgf/utilities\pgffor.sty (D:\Tool\MikTex\New folder\tex/latex/pgf/utilities\pgfkeys.sty (D:\Tool\MikTex\New folder\tex/generic/pgf/utilities\pgfkeys.code.tex)) (D:\Tool\MikTex\New folder\tex/latex/pgf/math\pgfmath.sty (D:\Tool\MikTex\New folder\tex/generic/pgf/math\pgfmath.code.tex)) (D:\Tool\MikTex\New folder\tex/generic/pgf/utilities\pgffor.code.tex
Package: pgffor 2025-08-29 v3.1.11a (3.1.11a)
\pgffor@iter=\dimen337
\pgffor@skip=\dimen338
\pgffor@stack=\toks52
\pgffor@toks=\toks53
)) (D:\Tool\MikTex\New folder\tex/generic/pgf/frontendlayer/tikz\tikz.code.tex
Package: tikz 2025-08-29 v3.1.11a (3.1.11a)
 (D:\Tool\MikTex\New folder\tex/generic/pgf/libraries\pgflibraryplothandlers.code.tex
File: pgflibraryplothandlers.code.tex 2025-08-29 v3.1.11a (3.1.11a)
\pgf@plot@mark@count=\count357
\pgfplotmarksize=\dimen339
)
\tikz@lastx=\dimen340
\tikz@lasty=\dimen341
\tikz@lastxsaved=\dimen342
\tikz@lastysaved=\dimen343
\tikz@lastmovetox=\dimen344
\tikz@lastmovetoy=\dimen345
\tikzleveldistance=\dimen346
\tikzsiblingdistance=\dimen347
\tikz@figbox=\box123
\tikz@figbox@bg=\box124
\tikz@tempbox=\box125
\tikz@tempbox@bg=\box126
\tikztreelevel=\count358
\tikznumberofchildren=\count359
\tikznumberofcurrentchild=\count360
\tikz@fig@count=\count361
 (D:\Tool\MikTex\New folder\tex/generic/pgf/modules\pgfmodulematrix.code.tex
File: pgfmodulematrix.code.tex 2025-08-29 v3.1.11a (3.1.11a)
\pgfmatrixcurrentrow=\count362
\pgfmatrixcurrentcolumn=\count363
\pgf@matrix@numberofcolumns=\count364
)
\tikz@expandcount=\count365
 (D:\Tool\MikTex\New folder\tex/generic/pgf/frontendlayer/tikz/libraries\tikzlibrarytopaths.code.tex
File: tikzlibrarytopaths.code.tex 2025-08-29 v3.1.11a (3.1.11a)
))) (D:\Tool\MikTex\New folder\tex/latex/pdfpages\pdfpages.sty
Package: pdfpages 2025/07/23 v0.6g Insert pages of external PDF documents (AM)
 (D:\Tool\MikTex\New folder\tex/latex/eso-pic\eso-pic.sty
Package: eso-pic 2023/05/03 v3.0c eso-pic (RN)
\ESO@tempdima=\dimen348
\ESO@tempdimb=\dimen349
)
\AM@pagewidth=\dimen350
\AM@pageheight=\dimen351
\AM@fboxrule=\dimen352
 (D:\Tool\MikTex\New folder\tex/latex/pdfpages\pppdftex.def
File: pppdftex.def 2025/07/23 v0.6g Pdfpages driver for pdfTeX (AM)
)
\pdfpages@includegraphics@status=\count366
\AM@pagebox=\box127
\AM@global@opts=\toks54
\AM@pagecnt=\count367
\AM@toc@title=\toks55
\AM@lof@heading=\toks56
\c@AM@survey=\count368
\AM@templatesizebox=\box128
) (D:\Tool\MikTex\New folder\tex/latex/tocloft\tocloft.sty
Package: tocloft 2017/08/31 v2.3i parameterised ToC, etc., typesetting
Package tocloft Info: The document has chapter divisions on input line 51.
\cftparskip=\skip86
\cftbeforetoctitleskip=\skip87
\cftaftertoctitleskip=\skip88
\cftbeforepartskip=\skip89
\cftpartnumwidth=\skip90
\cftpartindent=\skip91
\cftbeforechapskip=\skip92
\cftchapindent=\skip93
\cftchapnumwidth=\skip94
\cftbeforesecskip=\skip95
\cftsecindent=\skip96
\cftsecnumwidth=\skip97
\cftbeforesubsecskip=\skip98
\cftsubsecindent=\skip99
\cftsubsecnumwidth=\skip100
\cftbeforesubsubsecskip=\skip101
\cftsubsubsecindent=\skip102
\cftsubsubsecnumwidth=\skip103
\cftbeforeparaskip=\skip104
\cftparaindent=\skip105
\cftparanumwidth=\skip106
\cftbeforesubparaskip=\skip107
\cftsubparaindent=\skip108
\cftsubparanumwidth=\skip109
\cftbeforeloftitleskip=\skip110
\cftafterloftitleskip=\skip111
\cftbeforefigskip=\skip112
\cftfigindent=\skip113
\cftfignumwidth=\skip114
\c@lofdepth=\count369
\c@lotdepth=\count370
\cftbeforelottitleskip=\skip115
\cftafterlottitleskip=\skip116
\cftbeforetabskip=\skip117
\cfttabindent=\skip118
\cfttabnumwidth=\skip119
) (D:\Tool\MikTex\New folder\tex/generic/pgf/frontendlayer/tikz/libraries\tikzlibraryarrows.code.tex
File: tikzlibraryarrows.code.tex 2025-08-29 v3.1.11a (3.1.11a)
 (D:\Tool\MikTex\New folder\tex/generic/pgf/libraries\pgflibraryarrows.code.tex
File: pgflibraryarrows.code.tex 2025-08-29 v3.1.11a (3.1.11a)
\arrowsize=\dimen353
)) (D:\Tool\MikTex\New folder\tex/generic/pgf/frontendlayer/tikz/libraries\tikzlibrarysnakes.code.tex
File: tikzlibrarysnakes.code.tex 2025-08-29 v3.1.11a (3.1.11a)


Package pgf Warning: Snakes have been superseded by decorations. Please use the decoration libraries instead of the snakes library on input line 14.

(D:\Tool\MikTex\New folder\tex/generic/pgf/frontendlayer/tikz/libraries\tikzlibrarydecorations.pathmorphing.code.tex (D:\Tool\MikTex\New folder\tex/generic/pgf/frontendlayer/tikz/libraries\tikzlibrarydecorations.code.tex (D:\Tool\MikTex\New folder\tex/generic/pgf/modules\pgfmoduledecorations.code.tex
\pgfdecoratedcompleteddistance=\dimen354
\pgfdecoratedremainingdistance=\dimen355
\pgfdecoratedinputsegmentcompleteddistance=\dimen356
\pgfdecoratedinputsegmentremainingdistance=\dimen357
\pgf@decorate@distancetomove=\dimen358
\pgf@decorate@repeatstate=\count371
\pgfdecorationsegmentamplitude=\dimen359
\pgfdecorationsegmentlength=\dimen360
)
\tikz@lib@dec@box=\box129
) (D:\Tool\MikTex\New folder\tex/generic/pgf/libraries/decorations\pgflibrarydecorations.pathmorphing.code.tex)) (D:\Tool\MikTex\New folder\tex/generic/pgf/frontendlayer/tikz/libraries\tikzlibrarydecorations.pathreplacing.code.tex (D:\Tool\MikTex\New folder\tex/generic/pgf/libraries/decorations\pgflibrarydecorations.pathreplacing.code.tex)) (D:\Tool\MikTex\New folder\tex/generic/pgf/frontendlayer/tikz/libraries\tikzlibrarydecorations.shapes.code.tex (D:\Tool\MikTex\New folder\tex/generic/pgf/libraries/decorations\pgflibrarydecorations.shapes.code.tex))) (D:\Tool\MikTex\New folder\tex/generic/pgf/frontendlayer/tikz/libraries\tikzlibrarybackgrounds.code.tex
File: tikzlibrarybackgrounds.code.tex 2025-08-29 v3.1.11a (3.1.11a)
\pgf@layerbox@background=\box130
\pgf@layerboxsaved@background=\box131
) (D:\Tool\MikTex\New folder\tex/generic/pgf/frontendlayer/tikz/libraries\tikzlibrarycalc.code.tex
File: tikzlibrarycalc.code.tex 2025-08-29 v3.1.11a (3.1.11a)
) (D:\Tool\MikTex\New folder\tex/latex/algorithm2e\algorithm2e.sty
Package: algorithm2e 2017/07/18 v5.2 algorithms environments
\c@AlgoLine=\count372
\algocf@hangindent=\skip120
 (D:\Tool\MikTex\New folder\tex/latex/tools\xspace.sty
Package: xspace 2014/10/28 v1.13 Space after command names (DPC,MH)
) (D:\Tool\MikTex\New folder\tex/latex/relsize\relsize.sty
Package: relsize 2013/03/29 ver 4.1
)
\skiptotal=\skip121
\skiplinenumber=\skip122
\skiprule=\skip123
\skiphlne=\skip124
\skiptext=\skip125
\skiplength=\skip126
\algomargin=\skip127
\skipalgocfslide=\skip128
\algowidth=\dimen361
\inoutsize=\dimen362
\inoutindent=\dimen363
\interspacetitleruled=\dimen364
\interspacealgoruled=\dimen365
\interspacetitleboxruled=\dimen366
\algocf@ruledwidth=\skip129
\algocf@inoutbox=\box132
\algocf@inputbox=\box133
\AlCapSkip=\skip130
\AlCapHSkip=\skip131
\algoskipindent=\skip132
\algocf@nlbox=\box134
\algocf@hangingbox=\box135
\algocf@untilbox=\box136
\algocf@skipuntil=\skip133
\algocf@capbox=\box137
\algocf@lcaptionbox=\skip134
\algoheightruledefault=\skip135
\algoheightrule=\skip136
\algotitleheightruledefault=\skip137
\algotitleheightrule=\skip138
\c@algocfline=\count373
\c@algocfproc=\count374
\c@algocf=\count375
\algocf@algoframe=\box138
\algocf@algobox=\box139
) (D:\Tool\MikTex\New folder\tex/latex/algorithms\algorithmic.sty
Package: algorithmic 2009/08/24 v0.1 Document Style `algorithmic'
\c@ALC@unique=\count376
\c@ALC@line=\count377
\c@ALC@rem=\count378
\c@ALC@depth=\count379
\ALC@tlm=\skip139
\algorithmicindent=\skip140
) (D:\Tool\MikTex\New folder\tex/latex/listings\listings.sty
\lst@mode=\count380
\lst@gtempboxa=\box140
\lst@token=\toks57
\lst@length=\count381
\lst@currlwidth=\dimen367
\lst@column=\count382
\lst@pos=\count383
\lst@lostspace=\dimen368
\lst@width=\dimen369
\lst@newlines=\count384
\lst@lineno=\count385
\lst@maxwidth=\dimen370
 (D:\Tool\MikTex\New folder\tex/latex/listings\lstpatch.sty
File: lstpatch.sty 2025/11/14 1.11b (Carsten Heinz)
) (D:\Tool\MikTex\New folder\tex/latex/listings\lstmisc.sty
File: lstmisc.sty 2025/11/14 1.11b (Carsten Heinz)
\c@lstnumber=\count386
\lst@skipnumbers=\count387
\lst@framebox=\box141
) (D:\Tool\MikTex\New folder\tex/latex/listings\listings.cfg
File: listings.cfg 2025/11/14 1.11b listings configuration
))
Package: listings 2025/11/14 1.11b (Carsten Heinz)

==> First Aid for listings.sty no longer applied!
    Expected:
        2024/09/23 1.10c (Carsten Heinz)
    but found:
        2025/11/14 1.11b (Carsten Heinz)
    so I'm assuming it got fixed.
(D:\Tool\MikTex\New folder\tex/latex/biblatex\biblatex.sty
Package: biblatex 2025/07/10 v3.21 programmable bibliographies (PK/MW)
 (D:\Tool\MikTex\New folder\tex/generic/pdftexcmds\pdftexcmds.sty
Package: pdftexcmds 2020-06-27 v0.33 Utility functions of pdfTeX for LuaTeX (HO)
 (D:\Tool\MikTex\New folder\tex/generic/infwarerr\infwarerr.sty
Package: infwarerr 2019/12/03 v1.5 Providing info/warning/error messages (HO)
) (D:\Tool\MikTex\New folder\tex/generic/ltxcmds\ltxcmds.sty
Package: ltxcmds 2023-12-04 v1.26 LaTeX kernel commands for general use (HO)
)
Package pdftexcmds Info: \pdf@primitive is available.
Package pdftexcmds Info: \pdf@ifprimitive is available.
Package pdftexcmds Info: \pdfdraftmode found.
) (D:\Tool\MikTex\New folder\tex/latex/kvoptions\kvoptions.sty
Package: kvoptions 2022-06-15 v3.15 Key value format for package options (HO)
 (D:\Tool\MikTex\New folder\tex/latex/kvsetkeys\kvsetkeys.sty
Package: kvsetkeys 2022-10-05 v1.19 Key value parser (HO)
)) (D:\Tool\MikTex\New folder\tex/latex/logreq\logreq.sty
Package: logreq 2010/08/04 v1.0 xml request logger
\lrq@indent=\count388
 (D:\Tool\MikTex\New folder\tex/latex/logreq\logreq.def
File: logreq.def 2010/08/04 v1.0 logreq spec v1.0
)) (D:\Tool\MikTex\New folder\tex/latex/url\url.sty
\Urlmuskip=\muskip18
Package: url 2013/09/16  ver 3.4  Verb mode for urls, etc.
)
\c@tabx@nest=\count389
\c@listtotal=\count390
\c@listcount=\count391
\c@liststart=\count392
\c@liststop=\count393
\c@citecount=\count394
\c@citetotal=\count395
\c@multicitecount=\count396
\c@multicitetotal=\count397
\c@instcount=\count398
\c@maxnames=\count399
\c@minnames=\count400
\c@maxitems=\count401
\c@minitems=\count402
\c@citecounter=\count403
\c@maxcitecounter=\count404
\c@savedcitecounter=\count405
\c@uniquelist=\count406
\c@uniquename=\count407
\c@refsection=\count408
\c@refsegment=\count409
\c@maxextratitle=\count410
\c@maxextratitleyear=\count411
\c@maxextraname=\count412
\c@maxextradate=\count413
\c@maxextraalpha=\count414
\c@abbrvpenalty=\count415
\c@highnamepenalty=\count416
\c@lownamepenalty=\count417
\c@maxparens=\count418
\c@parenlevel=\count419
\blx@tempcnta=\count420
\blx@tempcntb=\count421
\blx@tempcntc=\count422
\c@blx@maxsection=\count423
\blx@maxsegment@0=\count424
\blx@notetype=\count425
\blx@parenlevel@text=\count426
\blx@parenlevel@foot=\count427
\blx@sectionciteorder@0=\count428
\blx@sectionciteorderinternal@0=\count429
\blx@entrysetcounter=\count430
\blx@biblioinstance=\count431
\labelnumberwidth=\skip141
\labelalphawidth=\skip142
\biblabelsep=\skip143
\bibitemsep=\skip144
\bibnamesep=\skip145
\bibinitsep=\skip146
\bibparsep=\skip147
\bibhang=\skip148
\blx@bcfin=\read4
\blx@bcfout=\write4
\blx@langwohyphens=\language80
\c@mincomprange=\count432
\c@maxcomprange=\count433
\c@mincompwidth=\count434
Package biblatex Info: Trying to load biblatex default data model...
Package biblatex Info: ... file 'blx-dm.def' found.
 (D:\Tool\MikTex\New folder\tex/latex/biblatex\blx-dm.def
File: blx-dm.def 2025/07/10 v3.21 biblatex datamodel (PK/MW)
)
Package biblatex Info: Trying to load biblatex style data model...
Package biblatex Info: ... file 'ieee.dbx' not found.
Package biblatex Info: Trying to load biblatex custom data model...
Package biblatex Info: ... file 'biblatex-dm.cfg' not found.
\c@afterword=\count435
\c@savedafterword=\count436
\c@annotator=\count437
\c@savedannotator=\count438
\c@author=\count439
\c@savedauthor=\count440
\c@bookauthor=\count441
\c@savedbookauthor=\count442
\c@commentator=\count443
\c@savedcommentator=\count444
\c@editor=\count445
\c@savededitor=\count446
\c@editora=\count447
\c@savededitora=\count448
\c@editorb=\count449
\c@savededitorb=\count450
\c@editorc=\count451
\c@savededitorc=\count452
\c@foreword=\count453
\c@savedforeword=\count454
\c@holder=\count455
\c@savedholder=\count456
\c@introduction=\count457
\c@savedintroduction=\count458
\c@namea=\count459
\c@savednamea=\count460
\c@nameb=\count461
\c@savednameb=\count462
\c@namec=\count463
\c@savednamec=\count464
\c@translator=\count465
\c@savedtranslator=\count466
\c@shortauthor=\count467
\c@savedshortauthor=\count468
\c@shorteditor=\count469
\c@savedshorteditor=\count470
\c@labelname=\count471
\c@savedlabelname=\count472
\c@institution=\count473
\c@savedinstitution=\count474
\c@lista=\count475
\c@savedlista=\count476
\c@listb=\count477
\c@savedlistb=\count478
\c@listc=\count479
\c@savedlistc=\count480
\c@listd=\count481
\c@savedlistd=\count482
\c@liste=\count483
\c@savedliste=\count484
\c@listf=\count485
\c@savedlistf=\count486
\c@location=\count487
\c@savedlocation=\count488
\c@organization=\count489
\c@savedorganization=\count490
\c@origlocation=\count491
\c@savedoriglocation=\count492
\c@origpublisher=\count493
\c@savedorigpublisher=\count494
\c@publisher=\count495
\c@savedpublisher=\count496
\c@language=\count497
\c@savedlanguage=\count498
\c@origlanguage=\count499
\c@savedoriglanguage=\count500
\c@pageref=\count501
\c@savedpageref=\count502
\shorthandwidth=\skip149
\shortjournalwidth=\skip150
\shortserieswidth=\skip151
\shorttitlewidth=\skip152
\shortauthorwidth=\skip153
\shorteditorwidth=\skip154
\locallabelnumberwidth=\skip155
\locallabelalphawidth=\skip156
\localshorthandwidth=\skip157
\localshortjournalwidth=\skip158
\localshortserieswidth=\skip159
\localshorttitlewidth=\skip160
\localshortauthorwidth=\skip161
\localshorteditorwidth=\skip162
Package biblatex Info: Trying to load compatibility code...
Package biblatex Info: ... file 'blx-compat.def' found.
 (D:\Tool\MikTex\New folder\tex/latex/biblatex\blx-compat.def
File: blx-compat.def 2025/07/10 v3.21 biblatex compatibility (PK/MW)
)
Package biblatex Info: Trying to load generic definitions...
Package biblatex Info: ... file 'biblatex.def' found.
 (D:\Tool\MikTex\New folder\tex/latex/biblatex\biblatex.def
File: biblatex.def 2025/07/10 v3.21 biblatex compatibility (PK/MW)
\c@textcitecount=\count503
\c@textcitetotal=\count504
\c@textcitemaxnames=\count505
\c@biburlbigbreakpenalty=\count506
\c@biburlbreakpenalty=\count507
\c@biburlnumpenalty=\count508
\c@biburlucpenalty=\count509
\c@biburllcpenalty=\count510
\biburlbigskip=\muskip19
\biburlnumskip=\muskip20
\biburlucskip=\muskip21
\biburllcskip=\muskip22
\c@smartand=\count511
)
Package biblatex Info: Trying to load bibliography style 'ieee'...
Package biblatex Info: ... file 'ieee.bbx' found.
 (D:\Tool\MikTex\New folder\tex/latex/biblatex-ieee\ieee.bbx
File: ieee.bbx 2025-08-01 v1.4f biblatex bibliography style
Package biblatex Info: Trying to load bibliography style 'numeric-comp'...
Package biblatex Info: ... file 'numeric-comp.bbx' found.
 (D:\Tool\MikTex\New folder\tex/latex/biblatex/bbx\numeric-comp.bbx
File: numeric-comp.bbx 2025/07/10 v3.21 biblatex bibliography style (PK/MW)
Package biblatex Info: Trying to load bibliography style 'numeric'...
Package biblatex Info: ... file 'numeric.bbx' found.
 (D:\Tool\MikTex\New folder\tex/latex/biblatex/bbx\numeric.bbx
File: numeric.bbx 2025/07/10 v3.21 biblatex bibliography style (PK/MW)
Package biblatex Info: Trying to load bibliography style 'standard'...
Package biblatex Info: ... file 'standard.bbx' found.
 (D:\Tool\MikTex\New folder\tex/latex/biblatex/bbx\standard.bbx
File: standard.bbx 2025/07/10 v3.21 biblatex bibliography style (PK/MW)
\c@bbx:relatedcount=\count512
\c@bbx:relatedtotal=\count513
))))
Package biblatex Info: Trying to load citation style 'ieee'...
Package biblatex Info: ... file 'ieee.cbx' found.
 (D:\Tool\MikTex\New folder\tex/latex/biblatex-ieee\ieee.cbx
File: ieee.cbx 2025-08-01 v1.4f biblatex citation style
Package biblatex Info: Trying to load citation style 'numeric-verb'...
Package biblatex Info: ... file 'numeric-verb.cbx' found.
 (D:\Tool\MikTex\New folder\tex/latex/biblatex/cbx\numeric-verb.cbx
File: numeric-verb.cbx 2025/07/10 v3.21 biblatex citation style (PK/MW)
Package biblatex Info: Redefining '\cite'.
Package biblatex Info: Redefining '\parencite'.
Package biblatex Info: Redefining '\footcite'.
Package biblatex Info: Redefining '\footcitetext'.
Package biblatex Info: Redefining '\smartcite'.
Package biblatex Info: Redefining '\textcite'.
Package biblatex Info: Redefining '\supercite'.
Package biblatex Info: Redefining '\parencites'.
Package biblatex Info: Redefining '\smartcites'.
Package biblatex Info: Redefining '\textcites'.
))
Package biblatex Info: Trying to load configuration file...
Package biblatex Info: ... file 'biblatex.cfg' found.
 (D:\Tool\MikTex\New folder\tex/latex/biblatex\biblatex.cfg
File: biblatex.cfg 
)
Package biblatex Info: Input encoding 'utf8' detected.
Package biblatex Info: Document encoding is UTF8 ....
 (D:\Tool\MikTex\New folder\tex/latex/l3kernel\expl3.sty
Package: expl3 2025-11-06 L3 programming layer (loader) 
 (D:\Tool\MikTex\New folder\tex/latex/l3backend\l3backend-pdftex.def
File: l3backend-pdftex.def 2025-10-09 L3 backend support: PDF output (pdfTeX)
\l__color_backend_stack_int=\count514
))
Package biblatex Info: ... and expl3
(biblatex)             2025-11-06 L3 programming layer (loader) 
(biblatex)             is new enough (at least 2020/04/06),
(biblatex)             setting 'casechanger=expl3'.
 (D:\Tool\MikTex\New folder\tex/latex/biblatex\blx-case-expl3.sty (D:\Tool\MikTex\New folder\tex/latex/l3packages/xparse\xparse.sty
Package: xparse 2025-10-09 L3 Experimental document command parser
)
Package: blx-case-expl3 2025/07/10 v3.21 expl3 case changing code for biblatex
)) (D:\Tool\MikTex\New folder\tex/latex/hyperref\hyperref.sty
Package: hyperref 2025-07-12 v7.01o Hypertext links for LaTeX
 (D:\Tool\MikTex\New folder\tex/generic/kvdefinekeys\kvdefinekeys.sty
Package: kvdefinekeys 2019-12-19 v1.6 Define keys (HO)
) (D:\Tool\MikTex\New folder\tex/generic/pdfescape\pdfescape.sty
Package: pdfescape 2019/12/09 v1.15 Implements pdfTeX's escape features (HO)
) (D:\Tool\MikTex\New folder\tex/latex/hycolor\hycolor.sty
Package: hycolor 2020-01-27 v1.10 Color options for hyperref/bookmark (HO)
) (D:\Tool\MikTex\New folder\tex/latex/hyperref\nameref.sty
Package: nameref 2025-06-21 v2.57 Cross-referencing by name of section
 (D:\Tool\MikTex\New folder\tex/latex/refcount\refcount.sty
Package: refcount 2019/12/15 v3.6 Data extraction from label references (HO)
) (D:\Tool\MikTex\New folder\tex/generic/gettitlestring\gettitlestring.sty
Package: gettitlestring 2019/12/15 v1.6 Cleanup title references (HO)
)
\c@section@level=\count515
) (D:\Tool\MikTex\New folder\tex/generic/stringenc\stringenc.sty
Package: stringenc 2019/11/29 v1.12 Convert strings between diff. encodings (HO)
)
\@linkdim=\dimen371
\Hy@linkcounter=\count516
\Hy@pagecounter=\count517
 (D:\Tool\MikTex\New folder\tex/latex/hyperref\pd1enc.def
File: pd1enc.def 2025-07-12 v7.01o Hyperref: PDFDocEncoding definition (HO)
Now handling font encoding PD1 ...
... no UTF-8 mapping file for font encoding PD1
) (D:\Tool\MikTex\New folder\tex/generic/intcalc\intcalc.sty
Package: intcalc 2019/12/15 v1.3 Expandable calculations with integers (HO)
)
\Hy@SavedSpaceFactor=\count518
 (D:\Tool\MikTex\New folder\tex/latex/hyperref\puenc.def
File: puenc.def 2025-07-12 v7.01o Hyperref: PDF Unicode definition (HO)
Now handling font encoding PU ...
... no UTF-8 mapping file for font encoding PU
)
Package hyperref Info: Hyper figures OFF on input line 4195.
Package hyperref Info: Link nesting OFF on input line 4200.
Package hyperref Info: Hyper index ON on input line 4203.
Package hyperref Info: Plain pages OFF on input line 4210.
Package hyperref Info: Backreferencing OFF on input line 4215.
Package hyperref Info: Implicit mode ON; LaTeX internals redefined.
Package hyperref Info: Bookmarks ON on input line 4462.
\c@Hy@tempcnt=\count519
LaTeX Info: Redefining \url on input line 4801.
\XeTeXLinkMargin=\dimen372
 (D:\Tool\MikTex\New folder\tex/generic/bitset\bitset.sty
Package: bitset 2019/12/09 v1.3 Handle bit-vector datatype (HO)
 (D:\Tool\MikTex\New folder\tex/generic/bigintcalc\bigintcalc.sty
Package: bigintcalc 2019/12/15 v1.5 Expandable calculations on big integers (HO)
))
\Fld@menulength=\count520
\Field@Width=\dimen373
\Fld@charsize=\dimen374
Package hyperref Info: Hyper figures OFF on input line 6078.
Package hyperref Info: Link nesting OFF on input line 6083.
Package hyperref Info: Hyper index ON on input line 6086.
Package hyperref Info: backreferencing OFF on input line 6093.
Package hyperref Info: Link coloring OFF on input line 6098.
Package hyperref Info: Link coloring with OCG OFF on input line 6103.
Package hyperref Info: PDF/A mode OFF on input line 6108.
\Hy@abspage=\count521
\c@Item=\count522
\c@Hfootnote=\count523
)
Package hyperref Info: Driver (autodetected): hpdftex.
 (D:\Tool\MikTex\New folder\tex/latex/hyperref\hpdftex.def
File: hpdftex.def 2025-07-12 v7.01o Hyperref driver for pdfTeX
\Fld@listcount=\count524
\c@bookmark@seq@number=\count525
 (D:\Tool\MikTex\New folder\tex/latex/rerunfilecheck\rerunfilecheck.sty
Package: rerunfilecheck 2025-06-21 v1.11 Rerun checks for auxiliary files (HO)
 (D:\Tool\MikTex\New folder\tex/generic/uniquecounter\uniquecounter.sty
Package: uniquecounter 2019/12/15 v1.4 Provide unlimited unique counter (HO)
)
Package uniquecounter Info: New unique counter `rerunfilecheck' on input line 284.
)
\Hy@SectionHShift=\skip163
)
Package hyperref Info: Option `colorlinks' set `true' on input line 150.
 (D:\Tool\MikTex\New folder\tex/latex/fancyhdr\fancyhdr.sty
Package: fancyhdr 2025/02/07 v5.2 Extensive control of page headers and footers
\f@nch@headwidth=\skip164
\f@nch@offset@elh=\skip165
\f@nch@offset@erh=\skip166
\f@nch@offset@olh=\skip167
\f@nch@offset@orh=\skip168
\f@nch@offset@elf=\skip169
\f@nch@offset@erf=\skip170
\f@nch@offset@olf=\skip171
\f@nch@offset@orf=\skip172
\f@nch@height=\skip173
\f@nch@footalignment=\skip174
\f@nch@widthL=\skip175
\f@nch@widthC=\skip176
\f@nch@widthR=\skip177
\@temptokenb=\toks58
) (D:\Tool\MikTex\New folder\tex/latex/lastpage\lastpage.sty
Package: lastpage 2025/08/14 v2.1h lastpage: 2.09 or 2e? (HMM)
 (D:\Tool\MikTex\New folder\tex/latex/lastpage\lastpage2e.sty
Package: lastpage2e 2025/08/14 v2.1h Decide which 2e lastpage version to use (HMM)
 (D:\Tool\MikTex\New folder\tex/latex/lastpage\lastpagemodern.sty
Package: lastpagemodern 2025-08-14 v2.1h Refers to last page's name (HMM; JPG)
\c@lastpagecount=\count526
) 
)) (D:\Tool\MikTex\New folder\tex/latex/titlesec\titlesec.sty
Package: titlesec 2025/01/04 v2.17 Sectioning titles
\ttl@box=\box142
\beforetitleunit=\skip178
\aftertitleunit=\skip179
\ttl@plus=\dimen375
\ttl@minus=\dimen376
\ttl@toksa=\toks59
\titlewidth=\dimen377
\titlewidthlast=\dimen378
\titlewidthfirst=\dimen379
)
\c@subsubsubsection=\count527


Package csquotes Warning: Load 'inputenc' before 'csquotes' on input line 223.

Package csquotes Info: Checking for multilingual support...
Package csquotes Info: ... found 'babel' package.
Package csquotes Info: Adjusting default style.
Package csquotes Info: Redefining alias 'default' -> 'english'.
(main.aux (tom_tat/main.aux) (tom_tat/danh_muc_ky_hieu.aux) (1_gioi_thieu/main.aux) (2_co_so_ly_thuyet/main.aux) (3_phan_tich_va_kien_truc/main.aux) (4_thiet_ke_accelerator/main.aux) (5_hien_thuc_soc/main.aux) (6_danh_gia_hieu_nang/main.aux) (7_ke_hoach_phat_trien/main.aux) (appendix/main.aux))
\openout1 = `main.aux'.

LaTeX Font Info:    Checking defaults for OML/cmm/m/it on input line 223.
LaTeX Font Info:    ... okay on input line 223.
LaTeX Font Info:    Checking defaults for OMS/cmsy/m/n on input line 223.
LaTeX Font Info:    ... okay on input line 223.
LaTeX Font Info:    Checking defaults for OT1/cmr/m/n on input line 223.
LaTeX Font Info:    ... okay on input line 223.
LaTeX Font Info:    Checking defaults for T1/cmr/m/n on input line 223.
LaTeX Font Info:    ... okay on input line 223.
LaTeX Font Info:    Checking defaults for TS1/cmr/m/n on input line 223.
LaTeX Font Info:    ... okay on input line 223.
LaTeX Font Info:    Checking defaults for OMX/cmex/m/n on input line 223.
LaTeX Font Info:    ... okay on input line 223.
LaTeX Font Info:    Checking defaults for U/cmr/m/n on input line 223.
LaTeX Font Info:    ... okay on input line 223.
LaTeX Font Info:    Checking defaults for T5/cmr/m/n on input line 223.
LaTeX Font Info:    Trying to load font information for T5+cmr on input line 223.
 (D:\Tool\MikTex\New folder\tex/latex/vntex\t5cmr.fd
File: t5cmr.fd 1999/05/25 v2.5h Standard LaTeX font definitions
)
LaTeX Font Info:    ... okay on input line 223.
LaTeX Font Info:    Checking defaults for PD1/pdf/m/n on input line 223.
LaTeX Font Info:    ... okay on input line 223.
LaTeX Font Info:    Checking defaults for PU/pdf/m/n on input line 223.
LaTeX Font Info:    ... okay on input line 223.
 (D:\Tool\MikTex\New folder\tex/context/base/mkii\supp-pdf.mkii
[Loading MPS to PDF converter (version 2006.09.02).]
\scratchcounter=\count528
\scratchdimen=\dimen380
\scratchbox=\box143
\nofMPsegments=\count529
\nofMParguments=\count530
\everyMPshowfont=\toks60
\MPscratchCnt=\count531
\MPscratchDim=\dimen381
\MPnumerator=\count532
\makeMPintoPDFobject=\count533
\everyMPtoPDFconversion=\toks61
) (D:\Tool\MikTex\New folder\tex/latex/epstopdf-pkg\epstopdf-base.sty
Package: epstopdf-base 2020-01-24 v2.11 Base part for package epstopdf
Package epstopdf-base Info: Redefining graphics rule for `.eps' on input line 485.
 (D:\Tool\MikTex\New folder\tex/latex/00miktex\epstopdf-sys.cfg
File: epstopdf-sys.cfg 2021/03/18 v2.0 Configuration of epstopdf for MiKTeX
))
Package caption Info: Begin \AtBeginDocument code.
Package caption Info: float package is loaded.
Package caption Info: hyperref package is loaded.
Package caption Info: listings package is loaded.
Package caption Info: longtable package is loaded.
 (D:\Tool\MikTex\New folder\tex/latex/caption\ltcaption.sty
Package: ltcaption 2021/01/08 v1.4c longtable captions (AR)
)
Package caption Info: rotating package is loaded.
Package caption Info: End \AtBeginDocument code.

*geometry* driver: auto-detecting
*geometry* detected driver: pdftex
*geometry* verbose mode - [ preamble ] result:
* driver: pdftex
* paper: a4paper
* layout: <same size as paper>
* layoutoffset:(h,v)=(0.0pt,0.0pt)
* modes: 
* h-part:(L,W,R)=(113.81102pt, 398.3386pt, 85.35826pt)
* v-part:(T,H,B)=(85.35826pt, 674.33032pt, 85.35826pt)
* \paperwidth=597.50787pt
* \paperheight=845.04684pt
* \textwidth=398.3386pt
* \textheight=674.33032pt
* \oddsidemargin=41.54103pt
* \evensidemargin=41.54103pt
* \topmargin=-23.91173pt
* \headheight=40.0pt
* \headsep=25.0pt
* \topskip=12.0pt
* \footskip=30.0pt
* \marginparwidth=35.0pt
* \marginparsep=10.0pt
* \columnsep=10.0pt
* \skip\footins=11.69997pt plus 5.19942pt minus 2.60054pt
* \hoffset=0.0pt
* \voffset=0.0pt
* \mag=1000
* \@twocolumnfalse
* \@twosidefalse
* \@mparswitchfalse
* \@reversemarginfalse
* (1in=72.27pt=25.4mm, 1cm=28.453pt)

(D:\Tool\MikTex\New folder\tex/latex/pdflscape\pdflscape.sty
Package: pdflscape 2022-10-27 v0.13 Display of landscape pages in PDF
 (D:\Tool\MikTex\New folder\tex/latex/pdflscape\pdflscape-nometadata.sty
Package: pdflscape-nometadata 2022-10-28 v0.13 Display of landscape pages in PDF (HO)
 (D:\Tool\MikTex\New folder\tex/latex/graphics\lscape.sty
Package: lscape 2020/05/28 v3.02 Landscape Pages (DPC)
)
Package pdflscape Info: Auto-detected driver: pdftex on input line 81.
))
\c@lstlisting=\count534
Package biblatex Info: Trying to load language 'english'...
Package biblatex Info: ... file 'english.lbx' found.
 (D:\Tool\MikTex\New folder\tex/latex/biblatex/lbx\english.lbx
File: english.lbx 2025/07/10 v3.21 biblatex localization (PK/MW)
)
Package biblatex Info: Input encoding 'utf8' detected.
Package biblatex Info: Automatic encoding selection.
(biblatex)             Assuming data encoding 'utf8'.
\openout4 = `main.bcf'.

Package biblatex Info: Trying to load bibliographic data...
Package biblatex Info: ... file 'main.bbl' found.
 (main.bbl)
Package biblatex Info: Reference section=0 on input line 223.
Package biblatex Info: Reference segment=0 on input line 223.
Package hyperref Info: Link coloring ON on input line 223.
 (main.out) (main.out)
\@outlinefile=\write5
\openout5 = `main.out'.

<image/hcmut.png, id=242, 845.0772pt x 597.6729pt>
File: image/hcmut.png Graphic file (type png)
<use image/hcmut.png>
Package pdftex.def Info: image/hcmut.png  used on input line 242.
(pdftex.def)             Requested size: 99.58464pt x 70.42264pt.
LaTeX Font Info:    Calculating math sizes for size <15.59996> on input line 261.
LaTeX Font Info:    Trying to load font information for OT1+lmr on input line 261.
 (D:\Tool\MikTex\New folder\tex/latex/lm\ot1lmr.fd
File: ot1lmr.fd 2015/05/01 v1.6.1 Font defs for Latin Modern
)
LaTeX Font Info:    Trying to load font information for OML+lmm on input line 261.
 (D:\Tool\MikTex\New folder\tex/latex/lm\omllmm.fd
File: omllmm.fd 2015/05/01 v1.6.1 Font defs for Latin Modern
)
LaTeX Font Info:    Trying to load font information for OMS+lmsy on input line 261.
 (D:\Tool\MikTex\New folder\tex/latex/lm\omslmsy.fd
File: omslmsy.fd 2015/05/01 v1.6.1 Font defs for Latin Modern
)
LaTeX Font Info:    Trying to load font information for OMX+lmex on input line 261.
 (D:\Tool\MikTex\New folder\tex/latex/lm\omxlmex.fd
File: omxlmex.fd 2015/05/01 v1.6.1 Font defs for Latin Modern
)
LaTeX Font Info:    External font `lmex10' loaded for size
(Font)              <15.59996> on input line 261.
LaTeX Font Info:    External font `lmex10' loaded for size
(Font)              <11.54405> on input line 261.
LaTeX Font Info:    External font `lmex10' loaded for size
(Font)              <9.36006> on input line 261.
LaTeX Font Info:    Trying to load font information for OT1+ptm on input line 261.
 (D:\Tool\MikTex\New folder\tex/latex/psnfss\ot1ptm.fd
File: ot1ptm.fd 2001/06/04 font definitions for OT1/ptm.
)
LaTeX Font Info:    Font shape `OT1/ptm/bx/n' in size <15.59996> not available
(Font)              Font shape `OT1/ptm/b/n' tried instead on input line 261.
LaTeX Font Info:    Font shape `OT1/ptm/bx/n' in size <11.54405> not available
(Font)              Font shape `OT1/ptm/b/n' tried instead on input line 261.
LaTeX Font Info:    Font shape `OT1/ptm/bx/n' in size <9.36006> not available
(Font)              Font shape `OT1/ptm/b/n' tried instead on input line 261.
LaTeX Font Info:    Trying to load font information for U+lasy on input line 261.
 (D:\Tool\MikTex\New folder\tex/latex/base\ulasy.fd
File: ulasy.fd 1998/08/17 v2.2e LaTeX symbol font definitions
)

LaTeX Font Warning: Font shape `U/lasy/m/n' in size <15.59996> not available
(Font)              size <14.4> substituted on input line 261.


LaTeX Font Warning: Font shape `U/lasy/m/n' in size <11.54405> not available
(Font)              size <12> substituted on input line 261.

LaTeX Font Info:    Calculating math sizes for size <11.86258> on input line 274.
LaTeX Font Info:    External font `lmex10' loaded for size
(Font)              <11.86258> on input line 274.
LaTeX Font Info:    External font `lmex10' loaded for size
(Font)              <8.77837> on input line 274.
LaTeX Font Info:    External font `lmex10' loaded for size
(Font)              <7.11761> on input line 274.
LaTeX Font Info:    Font shape `OT1/ptm/bx/n' in size <11.86258> not available
(Font)              Font shape `OT1/ptm/b/n' tried instead on input line 274.
LaTeX Font Info:    Font shape `OT1/ptm/bx/n' in size <8.77837> not available
(Font)              Font shape `OT1/ptm/b/n' tried instead on input line 274.
LaTeX Font Info:    Font shape `OT1/ptm/bx/n' in size <7.11761> not available
(Font)              Font shape `OT1/ptm/b/n' tried instead on input line 274.
[1

{C:/Users/langc/AppData/Local/MiKTeX/fonts/map/pdftex/pdftex.map}{D:/Tool/MikTex/New folder/fonts/enc/dvips/lm/lm-t5.enc} <./image/hcmut.png>]
\openout2 = `tom_tat/main.aux'.


No file tom_tat/main.tex.
(main.toc
LaTeX Font Info:    Calculating math sizes for size <13> on input line 2.
LaTeX Font Info:    External font `lmex10' loaded for size
(Font)              <13> on input line 2.
LaTeX Font Info:    External font `lmex10' loaded for size
(Font)              <9.62007> on input line 2.
LaTeX Font Info:    External font `lmex10' loaded for size
(Font)              <7.80008> on input line 2.
LaTeX Font Info:    Font shape `OT1/ptm/bx/n' in size <13> not available
(Font)              Font shape `OT1/ptm/b/n' tried instead on input line 2.
LaTeX Font Info:    Font shape `OT1/ptm/bx/n' in size <9.62007> not available
(Font)              Font shape `OT1/ptm/b/n' tried instead on input line 2.
LaTeX Font Info:    Font shape `OT1/ptm/bx/n' in size <7.80008> not available
(Font)              Font shape `OT1/ptm/b/n' tried instead on input line 2.


LaTeX Font Warning: Font shape `U/lasy/m/n' in size <13> not available
(Font)              size <12> substituted on input line 2.

[1



]
Overfull \hbox (3.96545pt too wide) in paragraph at lines 30--30
 [][] [][][]\T5/lmr/m/n/13 Phng php Phn mnh khng gian d liu (Space 
 []

[2{D:/Tool/MikTex/New folder/fonts/enc/dvips/lm/lm-mathit.enc}])
\tf@toc=\write6
\openout6 = `main.toc'.

 [3] (main.lof)
\tf@lof=\write7
\openout7 = `main.lof'.

 [4{D:/Tool/MikTex/New folder/fonts/enc/dvips/lm/lm-rm.enc}{D:/Tool/MikTex/New folder/fonts/enc/dvips/lm/lm-mathsy.enc}] (main.lot)
\tf@lot=\write8
\openout8 = `main.lot'.

 [5]
\openout2 = `tom_tat/danh_muc_ky_hieu.aux'.

 (tom_tat/danh_muc_ky_hieu.tex
Overfull \hbox (10.2048pt too wide) in paragraph at lines 1--1
|\T5/lmr/bx/n/32.34409 Danh mc K hiu v Ch
 []


Overfull \hbox (52.45273pt too wide) in alignment at lines 5--8
 [] [] 
 []


Overfull \hbox (52.45273pt too wide) in alignment at lines 8--47
 [] [] 
 []

tom_tat/danh_muc_ky_hieu.tex:47: ignored error: Infinite glue shrinkage found in box being split [6


]) [7]

Package geometry Warning: `a4paper': not available in `\newgeometry'; skipped.

*geometry* verbose mode - [ newgeometry ] result:
* driver: pdftex
* paper: a4paper
* layout: <same size as paper>
* layoutoffset:(h,v)=(0.0pt,0.0pt)
* modes: 
* h-part:(L,W,R)=(99.58464pt, 412.56497pt, 85.35826pt)
* v-part:(T,H,B)=(71.13188pt, 688.5567pt, 85.35826pt)
* \paperwidth=597.50787pt
* \paperheight=845.04684pt
* \textwidth=412.56497pt
* \textheight=688.5567pt
* \oddsidemargin=27.31465pt
* \evensidemargin=27.31465pt
* \topmargin=-66.1381pt
* \headheight=40.0pt
* \headsep=25.0pt
* \topskip=12.0pt
* \footskip=30.0pt
* \marginparwidth=35.0pt
* \marginparsep=10.0pt
* \columnsep=10.0pt
* \skip\footins=11.69997pt plus 5.19942pt minus 2.60054pt
* \hoffset=0.0pt
* \voffset=0.0pt
* \mag=1000
* \@twocolumnfalse
* \@twosidefalse
* \@mparswitchfalse
* \@reversemarginfalse
* (1in=72.27pt=25.4mm, 1cm=28.453pt)

\openout2 = `1_gioi_thieu/main.aux'.

(1_gioi_thieu/main.tex
Chapter 1.
(1_gioi_thieu/1.1_dat_van_de.tex) (1_gioi_thieu/1.2_muc_tieu_de_tai.tex) (1_gioi_thieu/1.3_pham_vi_de_tai.tex) (1_gioi_thieu/1.4_phan_chia_cong_viec.tex) (1_gioi_thieu/1.5_cau_truc_bao_cao.tex))
pdfTeX warning (ext4): destination with the same identifier (name{page.1}) has been already used, duplicate ignored
<to be read again> 
                   \relax 
l.330 \include{1_gioi_thieu/main}
                                  [1





]
\openout2 = `2_co_so_ly_thuyet/main.aux'.

 (2_co_so_ly_thuyet/main.tex
Chapter 2.
(2_co_so_ly_thuyet/2.1_tong_quan_cnn.tex) (2_co_so_ly_thuyet/2.2_ky_thuat_thiet_ke.tex) (2_co_so_ly_thuyet/2.3_kien_truc_soc.tex)) [2




]
\openout2 = `3_phan_tich_va_kien_truc/main.aux'.

 (3_phan_tich_va_kien_truc/main.tex
Chapter 3.
(3_phan_tich_va_kien_truc/3.1_yeu_cau_thiet_ke.tex) (3_phan_tich_va_kien_truc/3.2_kien_truc_tong_quan.tex) (3_phan_tich_va_kien_truc/3.3_giao_dien_ket_noi.tex)) [3




]
\openout2 = `4_thiet_ke_accelerator/main.aux'.

 (4_thiet_ke_accelerator/main.tex
Chapter 4.
(4_thiet_ke_accelerator/4.1_phan_tich_toan_hoc.tex [4




]
Overfull \hbox (10.3473pt too wide) detected at line 15
[][][]\OML/lmm/m/it/13 O\OT1/lmr/m/n/13 [\OML/lmm/m/it/13 m\OT1/lmr/m/n/13 ][\OML/lmm/m/it/13 h\OT1/lmr/m/n/13 ][\OML/lmm/m/it/13 w\OT1/lmr/m/n/13 ] = \OML/lmm/m/it/13 B\OT1/lmr/m/n/13 [\OML/lmm/m/it/13 m\OT1/lmr/m/n/13 ] + [] [] [] \OML/lmm/m/it/13 I\OT1/lmr/m/n/13 [\OML/lmm/m/it/13 c\OT1/lmr/m/n/13 ][\OML/lmm/m/it/13 h \OMS/lmsy/m/n/13 ^^A \OML/lmm/m/it/13 U \OT1/lmr/m/n/13 + \OML/lmm/m/it/13 r \OMS/lmsy/m/n/13 ^^@ \OML/lmm/m/it/13 P\OT1/lmr/m/n/13 ][\OML/lmm/m/it/13 w \OMS/lmsy/m/n/13 ^^A \OML/lmm/m/it/13 U \OT1/lmr/m/n/13 + \OML/lmm/m/it/13 s \OMS/lmsy/m/n/13 ^^@ \OML/lmm/m/it/13 P\OT1/lmr/m/n/13 ] \OMS/lmsy/m/n/13 ^^B \OML/lmm/m/it/13 W\OT1/lmr/m/n/13 [\OML/lmm/m/it/13 m\OT1/lmr/m/n/13 ][\OML/lmm/m/it/13 c\OT1/lmr/m/n/13 ][\OML/lmm/m/it/13 r\OT1/lmr/m/n/13 ][\OML/lmm/m/it/13 s\OT1/lmr/m/n/13 ]
 []

LaTeX Font Info:    Trying to load font information for TS1+lmr on input line 19.
(D:\Tool\MikTex\New folder\tex/latex/lm\ts1lmr.fd
File: ts1lmr.fd 2015/05/01 v1.6.1 Font defs for Latin Modern
)
LaTeX Font Info:    Trying to load font information for T5+lmtt on input line 55.
 (D:\Tool\MikTex\New folder\tex/latex/lm\t5lmtt.fd
File: t5lmtt.fd 2015/05/01 v1.6.1 Font defs for Latin Modern
) [5{D:/Tool/MikTex/New folder/fonts/enc/dvips/lm/lm-mathex.enc}{D:/Tool/MikTex/New folder/fonts/enc/dvips/lm/lm-ts1.enc}] [6] [7] [8] [9]) (4_thiet_ke_accelerator/4.2_chien_luoc_dataflow.tex [10] [11] [12]
<image/4/std_conv_pass.png, id=450, 696.80325pt x 125.268pt>
File: image/4/std_conv_pass.png Graphic file (type png)
<use image/4/std_conv_pass.png>
Package pdftex.def Info: image/4/std_conv_pass.png  used on input line 95.
(pdftex.def)             Requested size: 330.05322pt x 59.33661pt.
<image/4/dw_conv_pass.png, id=451, 690.78075pt x 69.25874pt>
File: image/4/dw_conv_pass.png Graphic file (type png)
<use image/4/dw_conv_pass.png>
Package pdftex.def Info: image/4/dw_conv_pass.png  used on input line 106.
(pdftex.def)             Requested size: 330.05322pt x 33.09268pt.
 [13] [14 <./image/4/std_conv_pass.png> <./image/4/dw_conv_pass.png>]
<image/4/du_lieu_doi_ra.png, id=465, 540.21825pt x 451.6875pt>
File: image/4/du_lieu_doi_ra.png Graphic file (type png)
<use image/4/du_lieu_doi_ra.png>
Package pdftex.def Info: image/4/du_lieu_doi_ra.png  used on input line 129.
(pdftex.def)             Requested size: 330.05322pt x 275.97696pt.
 [15 <./image/4/du_lieu_doi_ra.png>] [16] [17]
<image/4/buffer_hinh_a.png, id=491, 461.3235pt x 320.99925pt>
File: image/4/buffer_hinh_a.png Graphic file (type png)
<use image/4/buffer_hinh_a.png>
Package pdftex.def Info: image/4/buffer_hinh_a.png  used on input line 207.
(pdftex.def)             Requested size: 330.05322pt x 229.65965pt.
<image/4/buffer_hinh_b.png, id=492, 458.9145pt x 310.761pt>
File: image/4/buffer_hinh_b.png Graphic file (type png)
<use image/4/buffer_hinh_b.png>
Package pdftex.def Info: image/4/buffer_hinh_b.png  used on input line 217.
(pdftex.def)             Requested size: 330.05322pt x 223.50117pt.
) [18]
Overfull \hbox (42.93755pt too wide) in paragraph at lines 12--12
|[]\T5/lmr/bx/n/18.72003 Thit k kin trc vi m (Micro-architecture)| 
 []

(4_thiet_ke_accelerator/4.3_kien_truc_vi_mo.tex [19 <./image/4/buffer_hinh_a.png> <./image/4/buffer_hinh_b.png>]
<image/4/system_arch.png, id=506, 397.485pt x 340.8735pt>
File: image/4/system_arch.png Graphic file (type png)
<use image/4/system_arch.png>
Package pdftex.def Info: image/4/system_arch.png  used on input line 8.
(pdftex.def)             Requested size: 330.05322pt x 283.05495pt.
 [20 <./image/4/system_arch.png>] [21]
<image/4/pa_arch.png, id=517, 348.1005pt x 205.9695pt>
File: image/4/pa_arch.png Graphic file (type png)
<use image/4/pa_arch.png>
Package pdftex.def Info: image/4/pa_arch.png  used on input line 43.
(pdftex.def)             Requested size: 247.54149pt x 146.46878pt.
 [22 <./image/4/pa_arch.png>]
<image/4/pu_arch.png, id=524, 248.127pt x 186.6975pt>
File: image/4/pu_arch.png Graphic file (type png)
<use image/4/pu_arch.png>
Package pdftex.def Info: image/4/pu_arch.png  used on input line 57.
(pdftex.def)             Requested size: 247.54149pt x 186.25546pt.
<image/4/pe_arch.png, id=526, 254.1495pt x 123.46124pt>
File: image/4/pe_arch.png Graphic file (type png)
<use image/4/pe_arch.png>
Package pdftex.def Info: image/4/pe_arch.png  used on input line 72.
(pdftex.def)             Requested size: 206.28249pt x 100.21027pt.
 [23 <./image/4/pu_arch.png>]

Package hyperref Warning: Token not allowed in a PDF string (Unicode):
(hyperref)                removing `math shift' on input line 80.


Package hyperref Warning: Token not allowed in a PDF string (Unicode):
(hyperref)                removing `subscript' on input line 80.


Package hyperref Warning: Token not allowed in a PDF string (Unicode):
(hyperref)                removing `math shift' on input line 80.


Package hyperref Warning: Token not allowed in a PDF string (Unicode):
(hyperref)                removing `math shift' on input line 96.


Package hyperref Warning: Token not allowed in a PDF string (Unicode):
(hyperref)                removing `subscript' on input line 96.


Package hyperref Warning: Token not allowed in a PDF string (Unicode):
(hyperref)                removing `math shift' on input line 96.

[24 <./image/4/pe_arch.png>])) [25]
\openout2 = `5_hien_thuc_soc/main.aux'.

 (5_hien_thuc_soc/main.tex
Chapter 5.
(5_hien_thuc_soc/5.1_moi_truong_hien_thuc.tex) (5_hien_thuc_soc/5.2_he_thong_xu_ly.tex) (5_hien_thuc_soc/5.3_he_thong_ket_noi.tex) (5_hien_thuc_soc/5.4_tich_hop_kiem_thu.tex)) [26




]
\openout2 = `6_danh_gia_hieu_nang/main.aux'.

 (6_danh_gia_hieu_nang/main.tex
Chapter 6.

Overfull \hbox (35.14305pt too wide) in paragraph at lines 1--1
|\T5/lmr/bx/n/32.34409 ^^^nh gi hiu nng l thuyt| 
 []


Overfull \hbox (5.425pt too wide) in paragraph at lines 6--6
|[]\T5/lmr/bx/n/18.72003 Phng php ^^_nh gi: M hnh Roofline| 
 []

(6_danh_gia_hieu_nang/6.1_phuong_phap_danh_gia.tex) (6_danh_gia_hieu_nang/6.2_uoc_luong_hieu_nang.tex) (6_danh_gia_hieu_nang/6.3_so_sanh_nghien_cuu.tex)) [27




]
\openout2 = `7_ke_hoach_phat_trien/main.aux'.

 (7_ke_hoach_phat_trien/main.tex
Chapter 7.
(7_ke_hoach_phat_trien/7.1_danh_gia_giai_doan_1.tex) (7_ke_hoach_phat_trien/7.2_ke_hoach_giai_doan_2.tex) (7_ke_hoach_phat_trien/7.3_tien_do_du_kien.tex)) [28




]

LaTeX Warning: Empty bibliography on input line 353.

\openout2 = `appendix/main.aux'.

No file appendix/main.tex.

enddocument/afterlastpage (AED): lastpage setting LastPage.
(main.aux (tom_tat/main.aux) (tom_tat/danh_muc_ky_hieu.aux) (1_gioi_thieu/main.aux) (2_co_so_ly_thuyet/main.aux) (3_phan_tich_va_kien_truc/main.aux) (4_thiet_ke_accelerator/main.aux) (5_hien_thuc_soc/main.aux) (6_danh_gia_hieu_nang/main.aux) (7_ke_hoach_phat_trien/main.aux) (appendix/main.aux))
 ***********
LaTeX2e <2025-11-01>
L3 programming layer <2025-11-06>
 ***********


LaTeX Font Warning: Size substitutions with differences
(Font)              up to 1.19997pt have occurred.

Package rerunfilecheck Info: File `main.out' has not changed.
(rerunfilecheck)             Checksum: 17D095D982373A3A1CB4A83A0BC9F2EE;15809.
Package logreq Info: Writing requests to 'main.run.xml'.
\openout1 = `main.run.xml'.

 ) 
Here is how much of TeX's memory you used:
 41541 strings out of 467871
 790145 string characters out of 5427480
 1667109 words of memory out of 5000000
 69399 multiletter control sequences out of 15000+600000
 762021 words of font info for 130 fonts, out of 8000000 for 9000
 1141 hyphenation exceptions out of 8191
 108i,29n,117p,1252b,2295s stack positions out of 10000i,1000n,20000p,200000b,200000s
<D:/Tool/MikTex/New folder/fonts/type1/public/lm/lmbx12.pfb><D:/Tool/MikTex/New folder/fonts/type1/public/lm/lmbxi10.pfb><D:/Tool/MikTex/New folder/fonts/type1/public/lm/lmex10.pfb><D:/Tool/MikTex/New folder/fonts/type1/public/lm/lmmi10.pfb><D:/Tool/MikTex/New folder/fonts/type1/public/lm/lmmi12.pfb><D:/Tool/MikTex/New folder/fonts/type1/public/lm/lmmi9.pfb><D:/Tool/MikTex/New folder/fonts/type1/public/lm/lmr10.pfb><D:/Tool/MikTex/New folder/fonts/type1/public/lm/lmr12.pfb><D:/Tool/MikTex/New folder/fonts/type1/public/lm/lmr17.pfb><D:/Tool/MikTex/New folder/fonts/type1/public/lm/lmr9.pfb><D:/Tool/MikTex/New folder/fonts/type1/public/lm/lmri12.pfb><D:/Tool/MikTex/New folder/fonts/type1/public/lm/lmsy10.pfb><D:/Tool/MikTex/New folder/fonts/type1/public/lm/lmtt12.pfb>
Output written on main.pdf (36 pages, 632111 bytes).
PDF statistics:
 654 PDF objects out of 1000 (max. 8388607)
 135 named destinations out of 1000 (max. 500000)
 535 words of extra memory for PDF output out of 10000 (max. 10000000)

