\BOOKMARK [0][-]{chapter.1}{\376\377\000G\000i\036\333\000i\000\040\000t\000h\000i\036\307\000u\000\040\001\021\036\301\000\040\000t\000\340\000i}{}% 1
\BOOKMARK [1][-]{section.1.1}{\376\377\001\020\036\267\000t\000\040\000v\036\245\000n\000\040\001\021\036\301}{chapter.1}% 2
\BOOKMARK [1][-]{section.1.2}{\376\377\000M\036\345\000c\000\040\000t\000i\000\352\000u\000\040\001\021\036\301\000\040\000t\000\340\000i}{chapter.1}% 3
\BOOKMARK [1][-]{section.1.3}{\376\377\000P\000h\036\241\000m\000\040\000v\000i\000\040\001\021\036\301\000\040\000t\000\340\000i}{chapter.1}% 4
\BOOKMARK [1][-]{section.1.4}{\376\377\000P\000h\000\342\000n\000\040\000c\000h\000i\000a\000\040\000c\000\364\000n\000g\000\040\000v\000i\036\307\000c}{chapter.1}% 5
\BOOKMARK [1][-]{section.1.5}{\376\377\000C\036\245\000u\000\040\000t\000r\000\372\000c\000\040\000b\000\341\000o\000\040\000c\000\341\000o}{chapter.1}% 6
\BOOKMARK [0][-]{chapter.2}{\376\377\000C\001\241\000\040\000s\036\337\000\040\000l\000\375\000\040\000t\000h\000u\000y\036\277\000t}{}% 7
\BOOKMARK [1][-]{section.2.1}{\376\377\000T\036\325\000n\000g\000\040\000q\000u\000a\000n\000\040\000v\036\301\000\040\000M\036\241\000n\000g\000\040\000n\001\241\000-\000r\000o\000n\000\040\000t\000\355\000c\000h\000\040\000c\000h\036\255\000p\000\040\000\050\000C\000N\000N\000\051}{chapter.2}% 8
\BOOKMARK [1][-]{section.2.2}{\376\377\000K\036\371\000\040\000t\000h\000u\036\255\000t\000\040\000t\000h\000i\036\277\000t\000\040\000k\036\277\000\040\000b\036\331\000\040\000t\001\003\000n\000g\000\040\000t\036\321\000c\000\040\000p\000h\036\247\000n\000\040\000c\036\351\000n\000g\000\040\000\050\000A\000I\000\040\000A\000c\000c\000e\000l\000e\000r\000a\000t\000o\000r\000\051}{chapter.2}% 9
\BOOKMARK [1][-]{section.2.3}{\376\377\000K\000i\036\277\000n\000\040\000t\000r\000\372\000c\000\040\000S\000y\000s\000t\000e\000m\000-\000o\000n\000-\000C\000h\000i\000p\000\040\000t\000r\000\352\000n\000\040\000n\036\301\000n\000\040\000t\036\243\000n\000g\000\040\000F\000P\000G\000A}{chapter.2}% 10
\BOOKMARK [0][-]{chapter.3}{\376\377\000P\000h\000\342\000n\000\040\000t\000\355\000c\000h\000\040\000y\000\352\000u\000\040\000c\036\247\000u\000\040\000v\000\340\000\040\000K\000i\036\277\000n\000\040\000t\000r\000\372\000c\000\040\000t\036\325\000n\000g\000\040\000q\000u\000a\000n}{}% 11
\BOOKMARK [1][-]{section.3.1}{\376\377\000P\000h\000\342\000n\000\040\000t\000\355\000c\000h\000\040\000y\000\352\000u\000\040\000c\036\247\000u\000\040\000t\000h\000i\036\277\000t\000\040\000k\036\277}{chapter.3}% 12
\BOOKMARK [1][-]{section.3.2}{\376\377\000K\000i\036\277\000n\000\040\000t\000r\000\372\000c\000\040\000h\036\307\000\040\000t\000h\036\321\000n\000g\000\040\000t\036\325\000n\000g\000\040\000q\000u\000a\000n}{chapter.3}% 13
\BOOKMARK [1][-]{section.3.3}{\376\377\001\020\036\267\000c\000\040\000t\036\243\000\040\000g\000i\000a\000o\000\040\000d\000i\036\307\000n\000\040\000k\036\277\000t\000\040\000n\036\321\000i}{chapter.3}% 14
\BOOKMARK [0][-]{chapter.4}{\376\377\000T\000h\000i\036\277\000t\000\040\000k\036\277\000\040\000k\000i\036\277\000n\000\040\000t\000r\000\372\000c\000\040\000A\000c\000c\000e\000l\000e\000r\000a\000t\000o\000r\000\040\000v\000\340\000\040\000C\000h\000i\036\277\000n\000\040\000l\001\260\036\343\000c\000\040\000d\000\362\000n\000g\000\040\000d\036\357\000\040\000l\000i\036\307\000u}{}% 15
\BOOKMARK [1][-]{section.4.1}{\376\377\000P\000h\000\342\000n\000\040\000t\000\355\000c\000h\000\040\000t\000o\000\341\000n\000\040\000h\036\315\000c\000\040\000c\036\347\000a\000\040\000p\000h\000\351\000p\000\040\000t\000\355\000n\000h\000\040\000t\000\355\000c\000h\000\040\000c\000h\036\255\000p}{chapter.4}% 16
\BOOKMARK [1][-]{section.4.2}{\376\377\000C\000h\000i\036\277\000n\000\040\000l\001\260\036\343\000c\000\040\000p\000h\000\342\000n\000\040\000m\036\243\000n\000h\000\040\000v\000\340\000\040\000D\000\362\000n\000g\000\040\000d\036\357\000\040\000l\000i\036\307\000u\000\040\001\021\036\301\000\040\000x\000u\036\245\000t}{chapter.4}% 17
\BOOKMARK [1][-]{section.4.3}{\376\377\000T\000h\000i\036\277\000t\000\040\000k\036\277\000\040\000k\000i\036\277\000n\000\040\000t\000r\000\372\000c\000\040\000v\000i\000\040\000m\000\364\000\040\000\050\000M\000i\000c\000r\000o\000-\000a\000r\000c\000h\000i\000t\000e\000c\000t\000u\000r\000e\000\051}{chapter.4}% 18
\BOOKMARK [0][-]{chapter.5}{\376\377\000H\000i\036\307\000n\000\040\000t\000h\036\361\000c\000\040\000n\036\301\000n\000\040\000t\036\243\000n\000g\000\040\000S\000o\000C}{}% 19
\BOOKMARK [1][-]{section.5.1}{\376\377\000M\000\364\000i\000\040\000t\000r\001\260\036\335\000n\000g\000\040\000v\000\340\000\040\000C\000\364\000n\000g\000\040\000c\036\345\000\040\000h\000i\036\307\000n\000\040\000t\000h\036\361\000c}{chapter.5}% 20
\BOOKMARK [1][-]{section.5.2}{\376\377\000C\036\245\000u\000\040\000h\000\354\000n\000h\000\040\000h\036\307\000\040\000t\000h\036\321\000n\000g\000\040\000x\036\355\000\040\000l\000\375\000\040\000\050\000P\000r\000o\000c\000e\000s\000s\000i\000n\000g\000\040\000S\000y\000s\000t\000e\000m\000\051}{chapter.5}% 21
\BOOKMARK [1][-]{section.5.3}{\376\377\000T\000h\000i\036\277\000t\000\040\000k\036\277\000\040\000h\036\307\000\040\000t\000h\036\321\000n\000g\000\040\000k\036\277\000t\000\040\000n\036\321\000i\000\040\000\050\000I\000n\000t\000e\000r\000c\000o\000n\000n\000e\000c\000t\000\040\000S\000u\000b\000s\000y\000s\000t\000e\000m\000\051}{chapter.5}% 22
\BOOKMARK [1][-]{section.5.4}{\376\377\000T\000\355\000c\000h\000\040\000h\036\343\000p\000\040\000v\000\340\000\040\000K\000i\036\303\000m\000\040\000t\000h\036\355\000\040\000n\036\301\000n\000\040\000t\036\243\000n\000g\000\040\000c\001\241\000\040\000s\036\337}{chapter.5}% 23
\BOOKMARK [0][-]{chapter.6}{\376\377\001\020\000\341\000n\000h\000\040\000g\000i\000\341\000\040\000h\000i\036\307\000u\000\040\000n\001\003\000n\000g\000\040\000l\000\375\000\040\000t\000h\000u\000y\036\277\000t}{}% 24
\BOOKMARK [1][-]{section.6.1}{\376\377\000P\000h\001\260\001\241\000n\000g\000\040\000p\000h\000\341\000p\000\040\001\021\000\341\000n\000h\000\040\000g\000i\000\341\000:\000\040\000M\000\364\000\040\000h\000\354\000n\000h\000\040\000R\000o\000o\000f\000l\000i\000n\000e}{chapter.6}% 25
\BOOKMARK [1][-]{section.6.2}{\376\377\001\257\036\333\000c\000\040\000l\001\260\036\343\000n\000g\000\040\001\021\036\331\000\040\000t\000r\036\305\000\040\000v\000\340\000\040\000T\000\340\000i\000\040\000n\000g\000u\000y\000\352\000n}{chapter.6}% 26
\BOOKMARK [1][-]{section.6.3}{\376\377\000S\000o\000\040\000s\000\341\000n\000h\000\040\000v\036\333\000i\000\040\000c\000\341\000c\000\040\000n\000g\000h\000i\000\352\000n\000\040\000c\036\351\000u\000\040\000l\000i\000\352\000n\000\040\000q\000u\000a\000n}{chapter.6}% 27
\BOOKMARK [0][-]{chapter.7}{\376\377\000K\036\277\000\040\000h\000o\036\241\000c\000h\000\040\000p\000h\000\341\000t\000\040\000t\000r\000i\036\303\000n}{}% 28
\BOOKMARK [1][-]{section.7.1}{\376\377\001\020\000\341\000n\000h\000\040\000g\000i\000\341\000\040\000m\036\351\000c\000\040\001\021\036\331\000\040\000h\000o\000\340\000n\000\040\000t\000h\000\340\000n\000h\000\040\000G\000i\000a\000i\000\040\001\021\000o\036\241\000n\000\040\0001}{chapter.7}% 29
\BOOKMARK [1][-]{section.7.2}{\376\377\000K\036\277\000\040\000h\000o\036\241\000c\000h\000\040\000t\000h\036\361\000c\000\040\000h\000i\036\307\000n\000\040\000G\000i\000a\000i\000\040\001\021\000o\036\241\000n\000\040\0002}{chapter.7}% 30
\BOOKMARK [1][-]{section.7.3}{\376\377\000T\000i\036\277\000n\000\040\001\021\036\331\000\040\000d\036\361\000\040\000k\000i\036\277\000n}{chapter.7}% 31
